-- begin file --
CREATE TABLE MARKETPLACE.AGGREGATE_FUNCTION_MATRIX (TABLE_NAME  VARCHAR(30) 
, PACKAGE_NAME  VARCHAR(30) 
);
CREATE TABLE MARKETPLACE.AGGREGATE_MATRIX (TABLE_NAME  VARCHAR(30) 
, DIMENSION_YN  VARCHAR(1) 
);
CREATE TABLE MARKETPLACE.ALL_QUERIES_STATS_VW (STATS  VARCHAR(65) 
, VALUE  NUMERIC(22) 
);
CREATE TABLE MARKETPLACE.ALL_QUERIES_TIMING_STATS_VW (NUMBER_OF_QUERIES  NUMERIC(22) 
, STATS  VARCHAR(59) 
, PERCENT  NUMERIC(22) 
);
CREATE TABLE MARKETPLACE.AN_CM_QUERIES_TIMING_STATS_VW (NUMBER_OF_QUERIES  NUMERIC(22) 
, PERCENT  NUMERIC(22) 
, STATS  VARCHAR(59) 
);
CREATE TABLE MARKETPLACE.AN_ME_QUERIES_TIMING_STATS_VW (STATS  VARCHAR(59) 
, PERCENT  NUMERIC(22) 
, NUMBER_OF_QUERIES  NUMERIC(22) 
);
CREATE TABLE MARKETPLACE.AN_MP_QUERIES_TIMING_STATS_VW (STATS  VARCHAR(59) 
, PERCENT  NUMERIC(22) 
, NUMBER_OF_QUERIES  NUMERIC(22) 
);
CREATE TABLE MARKETPLACE.AN_RT_QUERIES_TIMING_STATS_VW (STATS  VARCHAR(59) 
, PERCENT  NUMERIC(22) 
, NUMBER_OF_QUERIES  NUMERIC(22) 
);
CREATE TABLE MARKETPLACE.CDM_COLUMN_INFO_CROSSTAB_V (COLUMN_COMMENTS  VARCHAR(4000) 
, TESUK_GD_FLAG  CHAR(1) 
, TESTH_P_FLAG  CHAR(1) 
, EXTCO_P_FLAG  CHAR(1) 
, TABLE_COMMENTS  VARCHAR(4000) 
, TESKR_D_FLAG  CHAR(1) 
, CANTI_D_FLAG  CHAR(1) 
, TESKR_P_FLAG  CHAR(1) 
, GPABR_P_FLAG  CHAR(1) 
, KROUS_T_FLAG  CHAR(1) 
, TESCZ_P_FLAG  CHAR(1) 
, TESTH_D_FLAG  CHAR(1) 
, PAMIT_P_FLAG  CHAR(1) 
, METCA_D_FLAG  CHAR(1) 
, MONFR_P_FLAG  CHAR(1) 
, COOP_P_FLAG  CHAR(1) 
, TESCN_D_FLAG  CHAR(1) 
, TESCN_P_FLAG  CHAR(1) 
, TESIE_D_FLAG  CHAR(1) 
, TABLE_NAME  VARCHAR(128) 
, TESSK_P_FLAG  CHAR(1) 
, KROUS_S_FLAG  CHAR(1) 
, MACUS_P_FLAG  CHAR(1) 
, TESUK_GT_FLAG  CHAR(1) 
, TESPL_D_FLAG  CHAR(1) 
, TESIE_P_FLAG  CHAR(1) 
, TESMY_P_FLAG  CHAR(1) 
, CANTI_P_FLAG  CHAR(1) 
, TESTR_P_FLAG  CHAR(1) 
, KROUS_D_FLAG  CHAR(1) 
, TESUK_D_FLAG  CHAR(1) 
, MACUS_D_FLAG  CHAR(1) 
, TESPL_P_FLAG  CHAR(1) 
, METCA_P_FLAG  CHAR(1) 
, COLUMN_ORDER_NUM  NUMERIC(22) 
, PMTIT_P_FLAG  CHAR(1) 
, TESMY_D_FLAG  CHAR(1) 
, KROUS_P_FLAG  CHAR(1) 
, TESHU_P_FLAG  CHAR(1) 
, COLUMN_NAME  VARCHAR(128) 
, TESUK_P_FLAG  CHAR(1) 
, LAST_RUN  VARCHAR(19) 
);
CREATE TABLE MARKETPLACE.CDM_PHYSICAL_DICTIONARY_V (CLIENT_CODE  VARCHAR(50) 
, CLIENT_COLUMN_NAME  VARCHAR(400) 
, CLIENT_ID  NUMERIC(22) 
, COLUMN_ID  NUMERIC(22) 
, DATA_PRECISION  NUMERIC(22) 
, ENVIRONMENT_ID  NUMERIC(22) 
, CLIENT_TABLE_NAME  VARCHAR(400) 
, TABLE_NAME  VARCHAR(128) 
, ENVIRONMENT_NAME  VARCHAR(100) 
, CLIENT_NAME  VARCHAR(100) 
, DATA_SCALE  NUMERIC(22) 
, COLUMN_NAME  VARCHAR(128) 
, DATA_TYPE  VARCHAR(128) 
, CLIENT_COLUMN_COMMENTS  VARCHAR(4000) 
, NULLABLE  VARCHAR(1) 
, ENVIRONMENT_CODE  VARCHAR(50) 
, CHAR_LENGTH  NUMERIC(22) 
, TABLE_COMMENTS  VARCHAR(4000) 
, CLIENT_TABLE_COMMENTS  VARCHAR(4000) 
, COLUMN_COMMENTS  VARCHAR(4000) 
);
CREATE TABLE MARKETPLACE.CDM_REMOTE_COLUMN_INFO_MV (CLIENT_NAME  VARCHAR(50) 
, TABLE_NAME  VARCHAR(128) 
, TABLE_COMMENTS  VARCHAR(4000) 
, COLUMN_NAME  VARCHAR(128) 
, COLUMN_COMMENTS  VARCHAR(4000) 
, CHAR_LENGTH  NUMERIC(22) 
, DATA_TYPE  VARCHAR(128) 
, DATA_PRECISION  NUMERIC(22) 
, DATA_SCALE  NUMERIC(22) 
, NULLABLE  VARCHAR(1) 
, LAST_RUN  VARCHAR(19) 
, COLUMN_ID  NUMERIC(22) 
);
CREATE TABLE MARKETPLACE.CDM_REMOTE_TABLE_CONS_INFO_MV (LAST_RUN  VARCHAR(19) 
, RELY  VARCHAR(4) 
, VALIDATED  VARCHAR(13) 
, DEFERRED  VARCHAR(9) 
, DEFERRABLE  VARCHAR(14) 
, STATUS  VARCHAR(8) 
, CONSTRAINT_TYPE  VARCHAR(1) 
, COLUMN_NAME  VARCHAR(4000) 
, TABLE_NAME  VARCHAR(30) 
, CLIENT_NAME  VARCHAR(50) 
, CONSTRAINT_NAME  VARCHAR(30) 
);
CREATE TABLE MARKETPLACE.CDM_REMOTE_TABLE_INDX_INFO_MV (INI_TRANS  NUMERIC(22) 
, CLIENT_NAME  VARCHAR(50) 
, INDEX_NAME  VARCHAR(30) 
, INDEX_TYPE  VARCHAR(27) 
, TABLE_NAME  VARCHAR(30) 
, UNIQUENESS  VARCHAR(9) 
, LAST_RUN  VARCHAR(19) 
, DESCEND  VARCHAR(4) 
, COLUMN_NAME  VARCHAR(4000) 
, TABLESPACE_NAME  VARCHAR(30) 
, COMPRESSION  VARCHAR(8) 
);
CREATE TABLE MARKETPLACE.CDM_REMOTE_TABLE_INFO_MV (CLIENT_NAME  VARCHAR(50) 
, LAST_RUN  VARCHAR(19) 
, TYPE_CODE  VARCHAR(50) 
, COMPRESS_FOR  VARCHAR(30) 
, TABLESPACE_NAME  VARCHAR(30) 
, TABLE_NAME  VARCHAR(128) 
);
CREATE TABLE MARKETPLACE.CDM_TO_HADOOP_ADDN_COLS (CLIENT_CODE  VARCHAR(50) 
, CDM_TABLE_NAME  VARCHAR(50) 
, CDM_COLUMN_NAME  VARCHAR(50) 
, COLUMN_LENGTH_NUM  NUMERIC(22) 
, HADOOP_COLUMN_NAME  VARCHAR(50) 
, COLUMN_SORT_NUM  NUMERIC(22) 
, HADOOP_TABLE_NAME  VARCHAR(50) 
);
CREATE TABLE MARKETPLACE.CDM_TO_HADOOP_DDL (HADOOP_TABLE_NAME  VARCHAR(50) 
, HADOOP_COLUMN_NAME  VARCHAR(50) 
, STATEMENT_TYPE_NAME  VARCHAR(50) 
, STATEMENT_ORDER_NUM  NUMERIC(22) 
, DDL_TEXT  VARCHAR(4000) 
, DDL_ORACLE_TEXT  VARCHAR(4000) 
);
CREATE TABLE MARKETPLACE.CDM_TO_HADOOP_MAPPING (SORT_ORDER_NUM  NUMERIC(22) 
, CDM_TABLE_NAME  VARCHAR(50) 
, CDM_COLUMN_NAME  VARCHAR(50) 
, INCLUDE_IN_HADOOP_FLAG  CHAR(1) 
, EXCLUDE_REASON_TEXT  VARCHAR(100) 
, HADOOP_TABLE_NAME  VARCHAR(50) 
, HADOOP_COLUMN_NAME  VARCHAR(50) 
, COLUMN_SORT_NUM  NUMERIC(22) 
, CLIENT_SPECIFIC_FLAG  CHAR(1) 
, DE_NORM_KEY_COLUMN_NAME  VARCHAR(50) 
, COLUMN_LENGTH_NUM  NUMERIC(22) 
, HADOOP_COLUMN_1_NAME  VARCHAR(50) 
, COLUMN_LENGTH_1_NUM  NUMERIC(22) 
, HADOOP_COLUMN_2_NAME  VARCHAR(50) 
, HADOOP_TABLE_1_NAME  VARCHAR(50) 
, ALL_CLIENT_COL_NAME  VARCHAR(50) 
, COOP_COL_NAME  VARCHAR(50) 
, EXTCO_COL_NAME  VARCHAR(50) 
, GPABR_COL_NAME  VARCHAR(50) 
, MACUS_COL_NAME  VARCHAR(50) 
, METCA_COL_NAME  VARCHAR(50) 
, MONFR_COL_NAME  VARCHAR(50) 
, RAIA_DROGASIL_COL_NAME  VARCHAR(50) 
, SHOPRITE_COL_NAME  VARCHAR(50) 
, TESCN_COL_NAME  VARCHAR(50) 
, TESCZ_COL_NAME  VARCHAR(50) 
, TESHU_COL_NAME  VARCHAR(50) 
, TESIE_COL_NAME  VARCHAR(50) 
, TESKR_COL_NAME  VARCHAR(50) 
, TESMY_COL_NAME  VARCHAR(50) 
, TESPL_COL_NAME  VARCHAR(50) 
, TESSK_COL_NAME  VARCHAR(50) 
, TESTH_COL_NAME  VARCHAR(50) 
, TESTR_COL_NAME  VARCHAR(50) 
, TESUK_COL_NAME  VARCHAR(50) 
);
CREATE TABLE MARKETPLACE.CDM_TO_HADOOP_MAPPING_CLIENT_V (HADOOP_TABLE_NAME  VARCHAR(50) 
, COLUMN_SORT_NUM  NUMERIC(22) 
, HADOOP_COLUMN_TYPE_NAME  VARCHAR(4000) 
, CDM_TABLE_NAME  VARCHAR(50) 
, DE_NORM_KEY_COLUMN_NAME  VARCHAR(50) 
, HADOOP_COLUMN_NAME  VARCHAR(50) 
, CDM_COLUMN_NAME  VARCHAR(50) 
);
CREATE TABLE MARKETPLACE.CDM_TO_HADOOP_MAPPING_SEG (EXCLUDE_REASON_TEXT  VARCHAR(100) 
, INCLUDE_IN_HADOOP_FLAG  CHAR(1) 
, SEG_TYPE_CODE  VARCHAR(50) 
, CDM_COLUMN_NAME  VARCHAR(50) 
, CDM_TABLE_NAME  VARCHAR(50) 
, HADOOP_TABLE_NAME  VARCHAR(50) 
, HADOOP_TABLE_1_NAME  VARCHAR(50) 
, COLUMN_LENGTH_NUM  NUMERIC(22) 
, COLUMN_SORT_NUM  NUMERIC(22) 
, HADOOP_COLUMN_NAME  VARCHAR(50) 
, CLIENT_CODE  VARCHAR(50) 
);
CREATE TABLE MARKETPLACE.CDM_TO_HADOOP_OVERALL_REQT (HADOOP_COLUMN_TYPE_NAME  VARCHAR(4000) 
, DE_NORM_KEY_COLUMN_NAME  VARCHAR(50) 
, COLUMN_SORT_NUM  NUMERIC(22) 
, HADOOP_COLUMN_NAME  VARCHAR(50) 
, HADOOP_TABLE_NAME  VARCHAR(50) 
, CDM_TABLE_NAME  VARCHAR(50) 
, CDM_COLUMN_NAME  VARCHAR(50) 
);
CREATE TABLE MARKETPLACE.CDM_TO_HADOOP_PARTITION (HADOOP_DATABASE_NAME  VARCHAR(50) 
, HADOOP_TABLE_NAME  VARCHAR(50) 
, CDM_TABLE_NAME  VARCHAR(50) 
, PARTITION_COLUMN_1_NAME  VARCHAR(50) 
, PARTITION_COLUMN_4_NAME  VARCHAR(50) 
, PARTITION_COLUMN_3_NAME  VARCHAR(50) 
, PARTITION_COLUMN_2_NAME  VARCHAR(50) 
);
CREATE TABLE MARKETPLACE.CDM_TO_HADOOP_PARTITION_V (PARTITION_COLUMN_TYPE_NAME  VARCHAR(4000) 
, COLUMN_ORDER_NUM  NUMERIC(22) 
, CDM_TABLE_NAME  VARCHAR(50) 
, HADOOP_TABLE_NAME  VARCHAR(50) 
, PARTITION_COLUMN_NAME  VARCHAR(50) 
);
CREATE TABLE MARKETPLACE.CDM_TO_HADOOP_REQT (CDM_COLUMN_NAME  VARCHAR(50) 
, CDM_TABLE_NAME  VARCHAR(50) 
);
CREATE TABLE MARKETPLACE.CDM_TO_HADOOP_UNWANTED_COLS (HADOOP_TABLE_NAME  VARCHAR(50) 
, HADOOP_COLUMN_NAME  VARCHAR(50) 
);
CREATE TABLE MARKETPLACE.CLOBBER (A  TEXT 
);
CREATE TABLE MARKETPLACE.DEPT (LOC  VARCHAR(13) 
, DNAME  VARCHAR(14) 
, DEPTNO  NUMERIC(22) 
);
CREATE TABLE MARKETPLACE.DEVTM_CDM_COL_COMMENT_SYNC (CLIENT_NAME  VARCHAR(100) 
, TABLE_NAME  VARCHAR(30) 
, ALTER_STATEMENT  VARCHAR(4000) 
, ENVIRONMENT_NAME  VARCHAR(100) 
);
CREATE TABLE MARKETPLACE.DEVTM_CDM_COL_DOMAINS (DATA_PRECISION  NUMERIC(22) 
, FIX  VARCHAR(0) 
, CLIENT_NAME  VARCHAR(100) 
, FIX_ID  NUMERIC(22) 
, DATA_TYPE  VARCHAR(106) 
, CORRECT_DATA_TYPE  VARCHAR(50) 
, COLUMN_NAME  VARCHAR(30) 
, NAME  VARCHAR(50) 
, CHAR_LENGTH  NUMERIC(22) 
, TABLE_NAME  VARCHAR(30) 
, DATA_SCALE  NUMERIC(22) 
, ENVIRONMENT_NAME  VARCHAR(100) 
);
CREATE TABLE MARKETPLACE.DEVTM_CDM_COL_MISSING_IN_C (COL_MISSING_IN_C  VARCHAR(30) 
, CLIENT_NAME  VARCHAR(100) 
, ENVIRONMENT_NAME  VARCHAR(100) 
, TABLE_NAME  VARCHAR(90) 
);
CREATE TABLE MARKETPLACE.DEVTM_CDM_COL_MISSING_IN_DIM (ENVIRONMENT_NAME  VARCHAR(100) 
, CLIENT_NAME  VARCHAR(100) 
, TABLE_NAME  VARCHAR(30) 
, COL_MISSING_IN_DIM  VARCHAR(30) 
);
CREATE TABLE MARKETPLACE.DEVTM_CDM_COL_MISSING_IN_H (TABLE_NAME  VARCHAR(90) 
, ENVIRONMENT_NAME  VARCHAR(100) 
, CLIENT_NAME  VARCHAR(100) 
, COL_MISSING_IN_H  VARCHAR(30) 
);
CREATE TABLE MARKETPLACE.DEVTM_CDM_SUB_COLS_NOT_SUPER (COLUMN_NAME  VARCHAR(128) 
, CLIENT_NAME  VARCHAR(100) 
, TABLE_NAME  VARCHAR(128) 
);
CREATE TABLE MARKETPLACE.DEVTM_CDM_SUP_VS_SUB (SUP_DATA_TYPE  VARCHAR(106) 
, ENVIRONMENT_NAME  VARCHAR(100) 
, CHAR_LENGTH  NUMERIC(22) 
, DATA_SCALE  NUMERIC(22) 
, SUP_COLUMN_COMMENTS  VARCHAR(4000) 
, CLIENT_NAME  VARCHAR(100) 
, SUP_CHAR_LENGTH  NUMERIC(22) 
, SUP_NULLABLE  VARCHAR(1) 
, COLUMN_COMMENTS  VARCHAR(4000) 
, REASON_DESC  VARCHAR(32) 
, DATA_PRECISION  NUMERIC(22) 
, TABLE_COMMENTS  VARCHAR(4000) 
, SUP_DATA_PRECISION  NUMERIC(22) 
, TABLE_NAME  VARCHAR(30) 
, DATA_TYPE  VARCHAR(106) 
, SUP_DATA_SCALE  NUMERIC(22) 
, SUP_TABLE_COMMENTS  VARCHAR(4000) 
, NULLABLE  VARCHAR(1) 
, COLUMN_NAME  VARCHAR(30) 
);
CREATE TABLE MARKETPLACE.DEVTM_CDM_TAB_COL_COMMENTS (COLUMN_COMMENTS  VARCHAR(4000) 
, ENVIRONMENT_NAME  VARCHAR(100) 
, TABLE_COMMENTS  VARCHAR(4000) 
, TABLE_NAME  VARCHAR(30) 
, COLUMN_NAME  VARCHAR(30) 
, CLIENT_NAME  VARCHAR(100) 
);
CREATE TABLE MARKETPLACE.DEVTM_CONS_DIFF_PART (DEFERRED  VARCHAR(9) 
, RELY  VARCHAR(4) 
, CLIENT_NAME  VARCHAR(50) 
, SUPERSET_DEFERRABLE  VARCHAR(14) 
, CONSTRAINT_TYPE  VARCHAR(1) 
, SUPERSET_VALIDATED  VARCHAR(13) 
, SUPERSET_DEFERRED  VARCHAR(9) 
, SUPERSET_RELY  VARCHAR(4) 
, SUPERSET_STATUS  VARCHAR(8) 
, VALIDATED  VARCHAR(13) 
, DEFERRABLE  VARCHAR(14) 
, STATUS  VARCHAR(8) 
, CONSTRAINT_NAME  VARCHAR(30) 
, COLUMN_NAME  VARCHAR(4000) 
, SUPERSET_CONSTRAINT_TYPE  VARCHAR(1) 
, TABLE_NAME  VARCHAR(30) 
);
CREATE TABLE MARKETPLACE.DEVTM_FK_SUB_NOT_IN_SUPER (OWNER  VARCHAR(128) 
, CONSTRAINT_NAME  VARCHAR(128) 
);
CREATE TABLE MARKETPLACE.DEVTM_INDEX_DIFF_PART (INDEX_TYPE  VARCHAR(27) 
, TABLE_NAME  VARCHAR(30) 
, DESCEND  VARCHAR(4) 
, INDEX_NAME  VARCHAR(30) 
, UNIQUENESS  VARCHAR(9) 
, SUPERSET_INI_TRANS  NUMERIC(22) 
, SUPERSET_COMPRESSION  VARCHAR(13) 
, TABLESPACE_NAME  VARCHAR(30) 
, COMPRESSION  VARCHAR(8) 
, SUPERSET_DESCEND  VARCHAR(4) 
, SUPERSET_UNIQUENESS  VARCHAR(9) 
, CLIENT_NAME  VARCHAR(50) 
, COLUMN_NAME  VARCHAR(4000) 
, SUPERSET_TABLESPACE_NAME  VARCHAR(30) 
, INI_TRANS  NUMERIC(22) 
);
CREATE TABLE MARKETPLACE.DEVTM_MACYS_CONSTRAINTS (MACP_CONSTRAINT_NAME  VARCHAR(30) 
, MACD_CONSTRAINT_NAME  VARCHAR(30) 
, MACUS_T_FLAG  CHAR(1) 
, MACD_CONSTRAINT_TYPE  VARCHAR(1) 
, TABLE_NAME  VARCHAR(800) 
, MACT_CONSTRAINT_TYPE  VARCHAR(1) 
, MACUS_D_FLAG  CHAR(1) 
, COLUMN_NAME  VARCHAR(800) 
, MACT_CONSTRAINT_NAME  VARCHAR(30) 
, MACP_CONSTRAINT_TYPE  VARCHAR(1) 
, MACUS_P_FLAG  CHAR(1) 
);
CREATE TABLE MARKETPLACE.DEVTM_TABLESPACE_DIFF_NO_PART (TABLE_NAME  VARCHAR(128) 
, TABLESPACE_NAME  VARCHAR(30) 
, COMPRESS_FOR  VARCHAR(30) 
, CLIENT_NAME  VARCHAR(50) 
, SUPERSET_COMPRESS_FOR  VARCHAR(30) 
, SUPERSET_TABLESPACE_NAME  VARCHAR(30) 
);
CREATE TABLE MARKETPLACE.DEVTM_TABLESPACE_DIFF_PART (COMPRESS_FOR  VARCHAR(30) 
, CLIENT_NAME  VARCHAR(50) 
, TABLE_NAME  VARCHAR(128) 
, SUPERSET_TABLESPACE_NAME  VARCHAR(30) 
, TABLESPACE_NAME  VARCHAR(30) 
, SUPERSET_COMPRESS_FOR  VARCHAR(30) 
);
CREATE TABLE MARKETPLACE.DEVTM_TABLESPACE_DIFF_SUBPART (SUPERSET_TABLESPACE_NAME  VARCHAR(30) 
, SUPERSET_COMPRESS_FOR  VARCHAR(30) 
, CLIENT_NAME  VARCHAR(50) 
, TABLE_NAME  VARCHAR(128) 
, TABLESPACE_NAME  VARCHAR(30) 
, COMPRESS_FOR  VARCHAR(30) 
);
CREATE TABLE MARKETPLACE.DIMENSION_EXCEPTIONS (STATEMENT_ID  VARCHAR(30) 
, OWNER  VARCHAR(30) 
, BAD_ROWID  ROWID (10) 
, DIMENSION_NAME  VARCHAR(30) 
, RELATIONSHIP  VARCHAR(11) 
, TABLE_NAME  VARCHAR(30) 
);
CREATE TABLE MARKETPLACE.DM_QUERIES_TIMING_STATS_VW (PERCENT  NUMERIC(22) 
, NUMBER_OF_QUERIES  NUMERIC(22) 
, STATS  VARCHAR(59) 
);
CREATE TABLE MARKETPLACE.DSG_QUERIES_TIMING_STATS_VW (STATS  VARCHAR(59) 
, NUMBER_OF_QUERIES  NUMERIC(22) 
, PERCENT  NUMERIC(22) 
);
CREATE TABLE MARKETPLACE.EBA_DEMO_DA_DEPT (DNAME  VARCHAR(14) 
, DEPTNO  NUMERIC(22) 
, LOC  VARCHAR(13) 
);
CREATE TABLE MARKETPLACE.EBA_DEMO_DA_EMP (MGR  NUMERIC(22) 
, HIREDATE  DATE 
, COMM  NUMERIC(22) 
, DEPTNO  NUMERIC(22) 
, JOB  VARCHAR(9) 
, ENAME  VARCHAR(10) 
, EMPNO  NUMERIC(22) 
, SAL  NUMERIC(22) 
);
CREATE TABLE MARKETPLACE.EBA_DEMO_MD_DEPT (DNAME  VARCHAR(50) 
, DEPTNO  NUMERIC(22) 
, LOC  VARCHAR(50) 
);
CREATE TABLE MARKETPLACE.EBA_DEMO_MD_EMP (MGR  NUMERIC(22) 
, HIREDATE  DATE 
, COMM  NUMERIC(22) 
, DEPTNO  NUMERIC(22) 
, JOB  VARCHAR(50) 
, ENAME  VARCHAR(50) 
, EMPNO  NUMERIC(22) 
, SAL  NUMERIC(22) 
);
CREATE TABLE MARKETPLACE.EBA_DEMO_TF_DEPT (LOC  VARCHAR(50) 
, DEPTNO  NUMERIC(22) 
, DNAME  VARCHAR(50) 
);
CREATE TABLE MARKETPLACE.EBA_DEMO_TF_EMP (HIREDATE  DATE 
, COMM  NUMERIC(22) 
, DEPTNO  NUMERIC(22) 
, EMPNO  NUMERIC(22) 
, MGR  NUMERIC(22) 
, JOB  VARCHAR(50) 
, ENAME  VARCHAR(50) 
, SAL  NUMERIC(22) 
);
CREATE TABLE MARKETPLACE.EBA_DEMO_TREE_DEF_ST_CODES (PCT_COMPLETE  NUMERIC(22) 
, STATUS_NAME  VARCHAR(4000) 
);
CREATE TABLE MARKETPLACE.EBA_DEMO_TREE_DEPT (LOC  VARCHAR(13) 
, DEPTNO  NUMERIC(22) 
, DNAME  VARCHAR(14) 
);
CREATE TABLE MARKETPLACE.EBA_DEMO_TREE_EMP (JOB  VARCHAR(9) 
, EMPNO  NUMERIC(22) 
, COMM  NUMERIC(22) 
, SAL  NUMERIC(22) 
, MGR  NUMERIC(22) 
, HIREDATE  DATE 
, DEPTNO  NUMERIC(22) 
, ENAME  VARCHAR(10) 
);
CREATE TABLE MARKETPLACE.EBA_DEMO_TREE_POPULATION (ROW_VERSION_NUMBER  NUMERIC(22) 
, ID  NUMERIC(22) 
, POPULATION  NUMERIC(22) 
, UPDATED_BY  VARCHAR(255) 
, UPDATED  TIMESTAMPTZ 
, CREATED_BY  VARCHAR(255) 
, CREATED  TIMESTAMPTZ 
, REGION  NUMERIC(22) 
, STATE_CODE  VARCHAR(2) 
, STATE_NAME  VARCHAR(100) 
);
CREATE TABLE MARKETPLACE.EBA_DEMO_TREE_PROJECTS (STATUS  NUMERIC(22) 
, PROJECT_NAME  VARCHAR(4000) 
, START_DATE  DATE 
, ESTIMATED_COMPLETION  DATE 
, DESCRIPTION  TEXT 
, PROJ_ID  NUMERIC(22) 
, CREATED  TIMESTAMPTZ 
, CREATED_BY  VARCHAR(255) 
, COMPLETION_DATE  DATE 
, UPDATED  TIMESTAMPTZ 
, UPDATED_BY  VARCHAR(255) 
, ROW_VERSION_NUMBER  NUMERIC(22) 
);
CREATE TABLE MARKETPLACE.EBA_DEMO_TREE_PROJ_FILES (TAGS  VARCHAR(4000) 
, CREATED  TIMESTAMPTZ 
, CREATED_BY  VARCHAR(255) 
, UPDATED  TIMESTAMPTZ 
, UPDATED_BY  VARCHAR(255) 
, ID  NUMERIC(22) 
, ROW_VERSION_NUMBER  NUMERIC(22) 
, PROJECT_ID  NUMERIC(22) 
, FILE_NAME  VARCHAR(512) 
, FILE_MIMETYPE  VARCHAR(512) 
, FILE_CHARSET  VARCHAR(512) 
, FILE_LASTUPD  DATE 
, FILE_BLOB  BYTEA 
, FILE_COMMENTS  VARCHAR(4000) 
);
CREATE TABLE MARKETPLACE.EBA_DEMO_TREE_STOCKS (UPDATED  TIMESTAMPTZ 
, CREATED_BY  VARCHAR(255) 
, CREATED  TIMESTAMPTZ 
, CLOSING_VAL  NUMERIC(22) 
, LOW  NUMERIC(22) 
, HIGH  NUMERIC(22) 
, UPDATED_BY  VARCHAR(255) 
, PRICING_DATE  DATE 
, STOCK_NAME  VARCHAR(130) 
, STOCK_CODE  VARCHAR(4) 
, ROW_VERSION_NUMBER  NUMERIC(22) 
, ID  NUMERIC(22) 
, OPENING_VAL  NUMERIC(22) 
);
CREATE TABLE MARKETPLACE.EBA_DEMO_TREE_SUBTASK (UPDATED  TIMESTAMPTZ 
, UPDATED_BY  VARCHAR(255) 
, CREATED_BY  VARCHAR(255) 
, CREATED  TIMESTAMPTZ 
, ROW_VERSION_NUMBER  NUMERIC(22) 
, SUB_DESC  TEXT 
, SUB_ASSIGN  VARCHAR(400) 
, SUB_STATUS  VARCHAR(400) 
, SUB_PRIORITY  VARCHAR(400) 
, SUB_COMP  DATE 
, SUB_EST_COMP  DATE 
, SUB_START  DATE 
, SUB_NAME  VARCHAR(4000) 
, TASK_ID  NUMERIC(22) 
, SUB_ID  NUMERIC(22) 
, PROJ_ID  NUMERIC(22) 
);
CREATE TABLE MARKETPLACE.EBA_DEMO_TREE_TASK (CREATED  TIMESTAMPTZ 
, CREATED_BY  VARCHAR(255) 
, UPDATED  TIMESTAMPTZ 
, UPDATED_BY  VARCHAR(255) 
, TASK_ID  NUMERIC(22) 
, PROJ_ID  NUMERIC(22) 
, TASK_NAME  VARCHAR(4000) 
, TASK_START  DATE 
, TASK_EST_COMP  DATE 
, TASK_COMP  DATE 
, TASK_PRIORITY  NUMERIC(22) 
, TASK_STATUS  NUMERIC(22) 
, TASK_ASSIGN  NUMERIC(22) 
, TASK_DESC  TEXT 
, ROW_VERSION_NUMBER  NUMERIC(22) 
);
CREATE TABLE MARKETPLACE.EBA_IT_ACCESS_LEVELS (ID  NUMERIC(22) 
, ROW_VERSION  NUMERIC(22) 
, ACCESS_LEVEL  VARCHAR(30) 
);
CREATE TABLE MARKETPLACE.EBA_IT_CHANGE_HISTORY (COLUMN_TYPE  VARCHAR(30) 
, OLD_VALUE  VARCHAR(4000) 
, NEW_VALUE  VARCHAR(4000) 
, CHANGED_BY  VARCHAR(255) 
, CHANGE_DATE  TIMESTAMPTZ 
, PROJECT_ID  NUMERIC(22) 
, ISSUE_ID  NUMERIC(22) 
, ROW_KEY  VARCHAR(30) 
, ACTION  VARCHAR(30) 
, NEW_DATE_COLUMN  TIMESTAMPTZ 
, OLD_DATE_COLUMN  TIMESTAMPTZ 
, NEW_NUMBER_COLUMN  NUMERIC(22) 
, COLUMN_NAME  VARCHAR(30) 
, OLD_NUMBER_COLUMN  NUMERIC(22) 
, ID  NUMERIC(22) 
, TABLE_NAME  VARCHAR(30) 
);
CREATE TABLE MARKETPLACE.EBA_IT_ERRORS (ERROR_BACKTRACE  VARCHAR(4000) 
, ORA_SQLERRM  VARCHAR(4000) 
, ORA_SQLCODE  NUMERIC(22) 
, APEX_ERROR_CODE  VARCHAR(255) 
, ROW_NUM  NUMERIC(22) 
, COLUMN_ALIAS  VARCHAR(255) 
, PAGE_ITEM_NAME  VARCHAR(255) 
, REGION_ID  NUMERIC(22) 
, MESSAGE  VARCHAR(4000) 
, IP_ADDRESS2  VARCHAR(512) 
, IP_ADDRESS  VARCHAR(512) 
, USER_AGENT  VARCHAR(4000) 
, APP_USER  VARCHAR(512) 
, APP_PAGE_ID  NUMERIC(22) 
, APP_ID  NUMERIC(22) 
, ERR_TIME  TIMESTAMPTZ 
, ID  NUMERIC(22) 
);
CREATE TABLE MARKETPLACE.EBA_IT_ERROR_LOOKUP (CONSTRAINT_NAME  VARCHAR(30) 
, MESSAGE  VARCHAR(4000) 
, LANGUAGE_CODE  VARCHAR(30) 
);
CREATE TABLE MARKETPLACE.EBA_IT_FILES (ROW_VERSION_NUMBER  NUMERIC(22) 
, CREATED_BY  VARCHAR(255) 
, FILENAME  VARCHAR(4000) 
, FILE_MIMETYPE  VARCHAR(512) 
, FILE_CHARSET  VARCHAR(512) 
, FILE_BLOB  BYTEA 
, FILE_COMMENTS  VARCHAR(4000) 
, TAGS  VARCHAR(4000) 
, CREATED  TIMESTAMPTZ 
, ID  NUMERIC(22) 
, UPDATED  TIMESTAMPTZ 
, UPDATED_BY  VARCHAR(255) 
, ISSUE_ID  NUMERIC(22) 
);
CREATE TABLE MARKETPLACE.EBA_IT_HELP_PAGE (ID  NUMERIC(22) 
, ROW_VERSION_NUMBER  NUMERIC(22) 
, LANGUAGE_CODE  VARCHAR(30) 
, APPLICATION_NAME  VARCHAR(255) 
, SHOW_ICON  VARCHAR(255) 
, SPRITE  VARCHAR(1000) 
, ALTERNATIVE_IMAGE  VARCHAR(1000) 
, SHOW_APP_VERSION_YN  VARCHAR(1) 
, SHOW_PAGE_COUNT_YN  VARCHAR(1) 
, USE_APP_TITLE_YN  VARCHAR(1) 
, SUPPORT_LINK  VARCHAR(1000) 
, SUPPORT_LINK_TEXT  VARCHAR(1000) 
, ADDITIONAL_HELP_LINK  VARCHAR(1000) 
, VENDOR  VARCHAR(1000) 
, TWITTER  VARCHAR(1000) 
, FACEBOOK  VARCHAR(1000) 
, LINKEDIN  VARCHAR(1000) 
, WEBSITE  VARCHAR(1000) 
, ATTR_LABEL_01  VARCHAR(255) 
, ATTR_VALUE_01  VARCHAR(1000) 
, ATTR_LABEL_02  VARCHAR(255) 
, ATTR_VALUE_02  VARCHAR(1000) 
, ATTR_LABEL_03  VARCHAR(255) 
, ATTR_VALUE_03  VARCHAR(1000) 
, ATTR_LABEL_04  VARCHAR(255) 
, ATTR_VALUE_04  VARCHAR(1000) 
, ATTR_LABEL_05  VARCHAR(255) 
, ATTR_VALUE_05  VARCHAR(1000) 
, ATTR_LABEL_06  VARCHAR(255) 
, ATTR_VALUE_06  VARCHAR(1000) 
, ATTR_LABEL_07  VARCHAR(255) 
, ATTR_VALUE_07  VARCHAR(1000) 
, ATTR_LABEL_08  VARCHAR(255) 
, ATTR_VALUE_08  VARCHAR(1000) 
, ABOUT_APP  TEXT 
, GETTING_STARTED  TEXT 
, QUICK_START  TEXT 
, SUPPORT  TEXT 
, PUBLIC_HELP  TEXT 
, FEATURES  TEXT 
, CREATED  TIMESTAMPTZ 
, CREATED_BY  VARCHAR(255) 
, UPDATED  TIMESTAMPTZ 
, UPDATED_BY  VARCHAR(255) 
);
CREATE TABLE MARKETPLACE.EBA_IT_ISSUES (IDENTIFIED_DATE  TIMESTAMPTZ 
, IDENTIFIED_BY_PERSON_ID  NUMERIC(22) 
, ASSIGNED_TO_PERSON  VARCHAR(255) 
, ASSIGNED_TO_PERSON_ID  NUMERIC(22) 
, STATUS  VARCHAR(30) 
, PRIORITY  VARCHAR(30) 
, TARGET_RESOLUTION_DATE  TIMESTAMPTZ 
, PROGRESS  VARCHAR(4000) 
, ACTUAL_RESOLUTION_DATE  TIMESTAMPTZ 
, RESOLUTION_SUMMARY  VARCHAR(4000) 
, TAGS  VARCHAR(4000) 
, CREATED_ON  TIMESTAMPTZ 
, CREATED_BY  VARCHAR(255) 
, UPDATED_ON  TIMESTAMPTZ 
, UPDATED_BY  VARCHAR(255) 
, ISSUE_ID  NUMERIC(22) 
, ROW_KEY  VARCHAR(30) 
, ISSUE_SUMMARY  VARCHAR(255) 
, ISSUE_DESCRIPTION  VARCHAR(4000) 
, IDENTIFIED_BY_PERSON  VARCHAR(255) 
, RELATED_PROJECT_ID  NUMERIC(22) 
);
CREATE TABLE MARKETPLACE.EBA_IT_LINKS (ID  NUMERIC(22) 
, ROW_VERSION_NUMBER  NUMERIC(22) 
, UPDATED_BY  VARCHAR(255) 
, UPDATED  TIMESTAMPTZ 
, CREATED_BY  VARCHAR(255) 
, CREATED  TIMESTAMPTZ 
, TAGS  VARCHAR(4000) 
, LINK_COMMENTS  VARCHAR(4000) 
, LINK_TEXT  VARCHAR(255) 
, ISSUE_ID  NUMERIC(22) 
, LINK_TARGET  VARCHAR(4000) 
);
CREATE TABLE MARKETPLACE.EBA_IT_LOAD_ERROR_LOG (ERROR_TEXT  VARCHAR(4000) 
, LOG_USER  VARCHAR(255) 
, LOG_DATE  TIMESTAMPTZ 
, SESSION_ID  VARCHAR(255) 
, LOG_ID  NUMERIC(22) 
, NAME  VARCHAR(4000) 
, CONTEXT  VARCHAR(255) 
, LINE_NUMBER  NUMERIC(22) 
);
CREATE TABLE MARKETPLACE.EBA_IT_NOTES (UPDATED_ON  TIMESTAMPTZ 
, CREATED_BY  VARCHAR(255) 
, CREATED_ON  TIMESTAMPTZ 
, NOTE  VARCHAR(4000) 
, COMPONENT_ID  NUMERIC(22) 
, NOTE_TYPE  VARCHAR(30) 
, NOTE_ID  NUMERIC(22) 
, UPDATED_BY  VARCHAR(255) 
);
CREATE TABLE MARKETPLACE.EBA_IT_NOTIFICATIONS (CREATED  TIMESTAMPTZ 
, UPDATED_BY  VARCHAR(255) 
, UPDATED  TIMESTAMPTZ 
, CREATED_BY  VARCHAR(255) 
, DISPLAY_UNTIL  TIMESTAMPTZ 
, DISPLAY_FROM  TIMESTAMPTZ 
, DISPLAY_SEQUENCE  NUMERIC(22) 
, NOTIFICATION_TYPE  VARCHAR(30) 
, NOTIFICATION_DESCRIPTION  VARCHAR(4000) 
, NOTIFICATION_NAME  VARCHAR(255) 
, ID  NUMERIC(22) 
, ROW_VERSION_NUMBER  NUMERIC(22) 
);
CREATE TABLE MARKETPLACE.EBA_IT_OFFLINE_UPDATES (UPDATE_ID  NUMERIC(22) 
, CONTENT  BYTEA 
, CONTENT_FILENAME  VARCHAR(500) 
, MIME_TYPE  VARCHAR(255) 
, CONTENT_CHARSET  VARCHAR(255) 
, UPDATED_BY  VARCHAR(255) 
, UPDATE_STATUS  VARCHAR(255) 
, INSTRUCTIONS  VARCHAR(4000) 
, CREATED_ON  TIMESTAMPTZ 
, CREATED_BY  VARCHAR(255) 
, UPDATED_ON  TIMESTAMPTZ 
, CONTENT_LAST_UPDATE  TIMESTAMPTZ 
);
CREATE TABLE MARKETPLACE.EBA_IT_PEOPLE (CREATED_BY  VARCHAR(255) 
, CREATED_ON  TIMESTAMPTZ 
, PROJECT_ID  NUMERIC(22) 
, USERNAME  VARCHAR(255) 
, UPDATED_BY  VARCHAR(255) 
, PERSON_EMAIL  VARCHAR(255) 
, PERSON_NAME  VARCHAR(255) 
, PERSON_ID  NUMERIC(22) 
, UPDATED_ON  TIMESTAMPTZ 
, PERSON_ROLE  VARCHAR(30) 
);
CREATE TABLE MARKETPLACE.EBA_IT_PREFERENCES (PREFERENCE_NAME  VARCHAR(255) 
, UPDATED_ON  TIMESTAMPTZ 
, UPDATED_BY  VARCHAR(255) 
, CREATED_ON  TIMESTAMPTZ 
, CREATED_BY  VARCHAR(255) 
, PREFERENCE_VALUE  VARCHAR(255) 
, ID  NUMERIC(22) 
);
CREATE TABLE MARKETPLACE.EBA_IT_PROJECTS (CREATED_ON  TIMESTAMPTZ 
, CREATED_BY  VARCHAR(255) 
, UPDATED_ON  TIMESTAMPTZ 
, START_DATE  TIMESTAMPTZ 
, TARGET_END_DATE  TIMESTAMPTZ 
, PROJECT_ID  NUMERIC(22) 
, TAGS  VARCHAR(4000) 
, PROJECT_NAME  VARCHAR(255) 
, ACTUAL_END_DATE  TIMESTAMPTZ 
, UPDATED_BY  VARCHAR(255) 
, ROW_KEY  VARCHAR(30) 
, PROJECT_DESCRIPTION  VARCHAR(4000) 
);
CREATE TABLE MARKETPLACE.EBA_IT_PROJ_FILES (UPDATED_BY  VARCHAR(255) 
, UPDATED  TIMESTAMPTZ 
, CREATED_BY  VARCHAR(255) 
, CREATED  TIMESTAMPTZ 
, TAGS  VARCHAR(4000) 
, FILE_COMMENTS  VARCHAR(4000) 
, FILE_BLOB  BYTEA 
, FILE_CHARSET  VARCHAR(512) 
, FILE_MIMETYPE  VARCHAR(512) 
, FILENAME  VARCHAR(4000) 
, PROJECT_ID  NUMERIC(22) 
, ID  NUMERIC(22) 
, ROW_VERSION_NUMBER  NUMERIC(22) 
);
CREATE TABLE MARKETPLACE.EBA_IT_PROJ_LINKS (ID  NUMERIC(22) 
, ROW_VERSION_NUMBER  NUMERIC(22) 
, UPDATED_BY  VARCHAR(255) 
, UPDATED  TIMESTAMPTZ 
, CREATED_BY  VARCHAR(255) 
, CREATED  TIMESTAMPTZ 
, TAGS  VARCHAR(4000) 
, LINK_COMMENTS  VARCHAR(4000) 
, LINK_TEXT  VARCHAR(255) 
, PROJECT_ID  NUMERIC(22) 
, LINK_TARGET  VARCHAR(4000) 
);
CREATE TABLE MARKETPLACE.EBA_IT_PROJ_NOTES (CREATED_ON  TIMESTAMPTZ 
, NOTE  VARCHAR(4000) 
, COMPONENT_ID  NUMERIC(22) 
, NOTE_TYPE  VARCHAR(30) 
, NOTE_ID  NUMERIC(22) 
, UPDATED_ON  TIMESTAMPTZ 
, CREATED_BY  VARCHAR(255) 
, UPDATED_BY  VARCHAR(255) 
);
CREATE TABLE MARKETPLACE.EBA_IT_TAGS (ID  NUMERIC(22) 
, TAG  VARCHAR(255) 
, CONTENT_ID  NUMERIC(22) 
, CONTENT_TYPE  VARCHAR(30) 
, CREATED  TIMESTAMPTZ 
, CREATED_BY  VARCHAR(255) 
, UPDATED  TIMESTAMPTZ 
, UPDATED_BY  VARCHAR(255) 
);
CREATE TABLE MARKETPLACE.EBA_IT_TAGS_SUM (TAG_COUNT  NUMERIC(22) 
, TAG  VARCHAR(255) 
);
CREATE TABLE MARKETPLACE.EBA_IT_TAGS_TYPE_SUM (TAG_COUNT  NUMERIC(22) 
, CONTENT_TYPE  VARCHAR(30) 
, TAG  VARCHAR(255) 
);
CREATE TABLE MARKETPLACE.EBA_IT_TZ_PREF (CREATED  TIMESTAMPTZ 
, TIMEZONE_PREFERENCE  VARCHAR(255) 
, USERID  VARCHAR(255) 
, ROW_VERSION_NUMBER  NUMERIC(22) 
, ID  NUMERIC(22) 
, CREATED_BY  VARCHAR(255) 
, UPDATED_BY  VARCHAR(255) 
, UPDATED  TIMESTAMPTZ 
);
CREATE TABLE MARKETPLACE.EBA_IT_USERS (ID  NUMERIC(22) 
, USERNAME  VARCHAR(255) 
, ACCESS_LEVEL_ID  NUMERIC(22) 
, ACCOUNT_LOCKED  VARCHAR(1) 
, UPDATED  TIMESTAMPTZ 
, CREATED_BY  VARCHAR(255) 
, UPDATED_BY  VARCHAR(255) 
, CREATED  TIMESTAMPTZ 
, ROW_VERSION  NUMERIC(22) 
);
CREATE TABLE MARKETPLACE.HTMLDB_PLAN_TABLE (STATEMENT_ID  VARCHAR(30) 
, OTHER  TEXT 
, TIMESTAMP  DATE 
, REMARKS  VARCHAR(4000) 
, OPERATION  VARCHAR(30) 
, OPTIONS  VARCHAR(255) 
, OBJECT_NODE  VARCHAR(128) 
, OBJECT_OWNER  VARCHAR(30) 
, OBJECT_NAME  VARCHAR(30) 
, OBJECT_ALIAS  VARCHAR(65) 
, OBJECT_INSTANCE  NUMERIC(22) 
, OBJECT_TYPE  VARCHAR(30) 
, OPTIMIZER  VARCHAR(255) 
, SEARCH_COLUMNS  NUMERIC(22) 
, ID  NUMERIC(22) 
, PARENT_ID  NUMERIC(22) 
, DEPTH  NUMERIC(22) 
, POSITION  NUMERIC(22) 
, COST  NUMERIC(22) 
, CARDINALITY  NUMERIC(22) 
, BYTES  NUMERIC(22) 
, OTHER_TAG  VARCHAR(255) 
, PARTITION_START  VARCHAR(255) 
, PARTITION_STOP  VARCHAR(255) 
, PARTITION_ID  NUMERIC(22) 
, DISTRIBUTION  VARCHAR(30) 
, CPU_COST  NUMERIC(22) 
, IO_COST  NUMERIC(22) 
, TEMP_SPACE  NUMERIC(22) 
, ACCESS_PREDICATES  VARCHAR(4000) 
, FILTER_PREDICATES  VARCHAR(4000) 
, PROJECTION  VARCHAR(4000) 
, TIME  NUMERIC(22) 
, QBLOCK_NAME  VARCHAR(30) 
, PLAN_ID  NUMERIC(22) 
);
CREATE TABLE MARKETPLACE.JOB_LOG (TS  TIMESTAMPTZ 
, MESSAGE  VARCHAR(4000) 
, JOB_NAME  VARCHAR(50) 
);
CREATE TABLE MARKETPLACE.META_CNT (CLIENT_EXT_NAME  VARCHAR(100) 
, TABLE_NAME  VARCHAR(30) 
, COUNTER  NUMERIC(22) 
, IMPACT_FLAG  CHAR(1) 
, TOTAL_SIZE_GB  NUMERIC(22) 
, ENVIRONMENT_ID  NUMERIC(22) 
, ENVIRONMENT_NAME  VARCHAR(100) 
, CLIENT_NAME  VARCHAR(50) 
, TABLE_SIZE_GB  NUMERIC(22) 
, CLIENT_ID  NUMERIC(22) 
);
CREATE TABLE MARKETPLACE.META_COLUMN_CLIENT_DESC (CLIENT_ID  NUMERIC(22) 
, ISERVICE_TICKET_NO  VARCHAR(30) 
, CLIENT_COLUMN_DESC  VARCHAR(4000) 
, COLUMN_NAME  VARCHAR(30) 
, TABLE_NAME  VARCHAR(30) 
);
CREATE TABLE MARKETPLACE.META_COL_INFO_CROSS (TESIE_T_FLAG  CHAR(1) 
, TESKR_D_FLAG  CHAR(1) 
, TESKR_P_FLAG  CHAR(1) 
, TESKR_T_FLAG  CHAR(1) 
, TESMY_D_FLAG  CHAR(1) 
, TESMY_P_FLAG  CHAR(1) 
, TESMY_T_FLAG  CHAR(1) 
, TESPL_D_FLAG  CHAR(1) 
, TESPL_P_FLAG  CHAR(1) 
, TESPL_T_FLAG  CHAR(1) 
, TESSK_D_FLAG  CHAR(1) 
, TESSK_P_FLAG  CHAR(1) 
, TESSK_T_FLAG  CHAR(1) 
, TESTH_D_FLAG  CHAR(1) 
, TESTH_P_FLAG  CHAR(1) 
, TESTH_T_FLAG  CHAR(1) 
, TESTR_D_FLAG  CHAR(1) 
, TESTR_P_FLAG  CHAR(1) 
, TESTR_T_FLAG  CHAR(1) 
, TESUK_D_FLAG  CHAR(1) 
, TESUK_GD_FLAG  CHAR(1) 
, TESUK_GT_FLAG  CHAR(1) 
, TESUK_P_FLAG  CHAR(1) 
, TESUK_T_FLAG  CHAR(1) 
, LAST_RUN  DATE 
, TABLE_COMMENTS  VARCHAR(4000) 
, COLUMN_COMMENTS  VARCHAR(4000) 
, TABLE_NAME  VARCHAR(800) 
, COLUMN_NAME  VARCHAR(800) 
, SUPSET_P_FLAG  CHAR(1) 
, KPHRM_P_FLAG  CHAR(1) 
, CANTI_D_FLAG  CHAR(1) 
, CANTI_P_FLAG  CHAR(1) 
, CDM_LITE_D_FLAG  CHAR(1) 
, COOP_D_FLAG  CHAR(1) 
, COOP_P_FLAG  CHAR(1) 
, COOP_T_FLAG  CHAR(1) 
, EXTCO_D_FLAG  CHAR(1) 
, EXTCO_P_FLAG  CHAR(1) 
, EXTCO_T_FLAG  CHAR(1) 
, GPABR_D_FLAG  CHAR(1) 
, GPABR_P_FLAG  CHAR(1) 
, GPABR_T_FLAG  CHAR(1) 
, KROUS_D_FLAG  CHAR(1) 
, KROUS_P_FLAG  CHAR(1) 
, KROUS_S_FLAG  CHAR(1) 
, KROUS_T_FLAG  CHAR(1) 
, MACUS_D_FLAG  CHAR(1) 
, MACUS_P_FLAG  CHAR(1) 
, MACUS_S_FLAG  CHAR(1) 
, MACUS_T_FLAG  CHAR(1) 
, METCA_D_FLAG  CHAR(1) 
, METCA_P_FLAG  CHAR(1) 
, METCA_T_FLAG  CHAR(1) 
, MONFR_D_FLAG  CHAR(1) 
, MONFR_P_FLAG  CHAR(1) 
, MONFR_T_FLAG  CHAR(1) 
, PAMIT_D_FLAG  CHAR(1) 
, PAMIT_P_FLAG  CHAR(1) 
, PMTIT_D_FLAG  CHAR(1) 
, PMTIT_P_FLAG  CHAR(1) 
, RAIA_DROGASIL_D_FLAG  CHAR(1) 
, RAIA_DROGASIL_P_FLAG  CHAR(1) 
, RAIA_DROGASIL_T_FLAG  CHAR(1) 
, SHOPRITE_D_FLAG  CHAR(1) 
, SHOPRITE_P_FLAG  CHAR(1) 
, SHOPRITE_T_FLAG  CHAR(1) 
, TESCN_D_FLAG  CHAR(1) 
, TESCN_P_FLAG  CHAR(1) 
, TESCN_T_FLAG  CHAR(1) 
, TESCZ_D_FLAG  CHAR(1) 
, TESCZ_P_FLAG  CHAR(1) 
, TESCZ_T_FLAG  CHAR(1) 
, TESHU_D_FLAG  CHAR(1) 
, TESHU_P_FLAG  CHAR(1) 
, TESHU_T_FLAG  CHAR(1) 
, TESIE_D_FLAG  CHAR(1) 
, TESIE_P_FLAG  CHAR(1) 
);
CREATE TABLE MARKETPLACE.META_COL_INFO_CROSS_BACKUP (TESUK_T_FLAG  CHAR(1) 
, CDM_LITE_D_FLAG  CHAR(1) 
, METCA_T_FLAG  CHAR(1) 
, RAIA_DROGASIL_P_FLAG  CHAR(1) 
, RAIA_DROGASIL_D_FLAG  CHAR(1) 
, RAIA_DROGASIL_T_FLAG  CHAR(1) 
, MACUS_S_FLAG  CHAR(1) 
, SHOPRITE_D_FLAG  CHAR(1) 
, SHOPRITE_T_FLAG  CHAR(1) 
, LAST_RUN  DATE 
, TABLE_COMMENTS  VARCHAR(4000) 
, COLUMN_COMMENTS  VARCHAR(4000) 
, TABLE_NAME  VARCHAR(800) 
, COLUMN_NAME  VARCHAR(800) 
, SUPSET_P_FLAG  CHAR(1) 
, KPHRM_P_FLAG  CHAR(1) 
, CANTI_D_FLAG  CHAR(1) 
, CANTI_P_FLAG  CHAR(1) 
, COOP_P_FLAG  CHAR(1) 
, EXTCO_P_FLAG  CHAR(1) 
, GPABR_P_FLAG  CHAR(1) 
, METCA_D_FLAG  CHAR(1) 
, TESUK_GT_FLAG  CHAR(1) 
, KROUS_D_FLAG  CHAR(1) 
, KROUS_P_FLAG  CHAR(1) 
, KROUS_S_FLAG  CHAR(1) 
, TESTR_P_FLAG  CHAR(1) 
, TESUK_D_FLAG  CHAR(1) 
, TESUK_GD_FLAG  CHAR(1) 
, TESUK_P_FLAG  CHAR(1) 
, KROUS_T_FLAG  CHAR(1) 
, MACUS_D_FLAG  CHAR(1) 
, MACUS_P_FLAG  CHAR(1) 
, MACUS_T_FLAG  CHAR(1) 
, TESCN_T_FLAG  CHAR(1) 
, TESCZ_T_FLAG  CHAR(1) 
, TESHU_T_FLAG  CHAR(1) 
, TESIE_T_FLAG  CHAR(1) 
, TESKR_T_FLAG  CHAR(1) 
, TESMY_T_FLAG  CHAR(1) 
, TESPL_T_FLAG  CHAR(1) 
, TESSK_T_FLAG  CHAR(1) 
, TESTH_T_FLAG  CHAR(1) 
, TESTR_T_FLAG  CHAR(1) 
, COOP_D_FLAG  CHAR(1) 
, COOP_T_FLAG  CHAR(1) 
, EXTCO_D_FLAG  CHAR(1) 
, EXTCO_T_FLAG  CHAR(1) 
, GPABR_D_FLAG  CHAR(1) 
, GPABR_T_FLAG  CHAR(1) 
, MONFR_D_FLAG  CHAR(1) 
, MONFR_T_FLAG  CHAR(1) 
, PAMIT_D_FLAG  CHAR(1) 
, PMTIT_D_FLAG  CHAR(1) 
, TESCZ_D_FLAG  CHAR(1) 
, TESHU_D_FLAG  CHAR(1) 
, TESSK_D_FLAG  CHAR(1) 
, TESTR_D_FLAG  CHAR(1) 
, METCA_P_FLAG  CHAR(1) 
, MONFR_P_FLAG  CHAR(1) 
, PAMIT_P_FLAG  CHAR(1) 
, PMTIT_P_FLAG  CHAR(1) 
, TESCN_D_FLAG  CHAR(1) 
, TESCN_P_FLAG  CHAR(1) 
, TESCZ_P_FLAG  CHAR(1) 
, TESHU_P_FLAG  CHAR(1) 
, TESIE_D_FLAG  CHAR(1) 
, TESIE_P_FLAG  CHAR(1) 
, TESKR_D_FLAG  CHAR(1) 
, TESKR_P_FLAG  CHAR(1) 
, TESMY_D_FLAG  CHAR(1) 
, TESMY_P_FLAG  CHAR(1) 
, TESPL_D_FLAG  CHAR(1) 
, TESPL_P_FLAG  CHAR(1) 
, TESSK_P_FLAG  CHAR(1) 
, TESTH_D_FLAG  CHAR(1) 
, TESTH_P_FLAG  CHAR(1) 
);
CREATE TABLE MARKETPLACE.META_COL_INFO_CROSS_OLD (KROUS_P_FLAG  CHAR(1) 
, KROUS_S_FLAG  CHAR(1) 
, KROUS_T_FLAG  CHAR(1) 
, MACUS_D_FLAG  CHAR(1) 
, MACUS_P_FLAG  CHAR(1) 
, MACUS_T_FLAG  CHAR(1) 
, TESCN_T_FLAG  CHAR(1) 
, TESCZ_T_FLAG  CHAR(1) 
, TESHU_T_FLAG  CHAR(1) 
, TESIE_T_FLAG  CHAR(1) 
, TESKR_T_FLAG  CHAR(1) 
, TESMY_T_FLAG  CHAR(1) 
, TESPL_T_FLAG  CHAR(1) 
, TESSK_T_FLAG  CHAR(1) 
, TESTH_T_FLAG  CHAR(1) 
, TESTR_T_FLAG  CHAR(1) 
, COOP_D_FLAG  CHAR(1) 
, COOP_T_FLAG  CHAR(1) 
, EXTCO_D_FLAG  CHAR(1) 
, EXTCO_T_FLAG  CHAR(1) 
, GPABR_D_FLAG  CHAR(1) 
, GPABR_T_FLAG  CHAR(1) 
, MONFR_D_FLAG  CHAR(1) 
, MONFR_T_FLAG  CHAR(1) 
, PAMIT_D_FLAG  CHAR(1) 
, PMTIT_D_FLAG  CHAR(1) 
, TESCZ_D_FLAG  CHAR(1) 
, TESHU_D_FLAG  CHAR(1) 
, TESSK_D_FLAG  CHAR(1) 
, TESTR_D_FLAG  CHAR(1) 
, TESUK_T_FLAG  CHAR(1) 
, CDM_LITE_D_FLAG  CHAR(1) 
, METCA_T_FLAG  CHAR(1) 
, RAIA_DROGASIL_P_FLAG  CHAR(1) 
, RAIA_DROGASIL_D_FLAG  CHAR(1) 
, RAIA_DROGASIL_T_FLAG  CHAR(1) 
, MACUS_S_FLAG  CHAR(1) 
, SHOPRITE_D_FLAG  CHAR(1) 
, SHOPRITE_T_FLAG  CHAR(1) 
, LAST_RUN  DATE 
, TABLE_COMMENTS  VARCHAR(4000) 
, COLUMN_COMMENTS  VARCHAR(4000) 
, TABLE_NAME  VARCHAR(800) 
, COLUMN_NAME  VARCHAR(800) 
, SUPSET_P_FLAG  CHAR(1) 
, KPHRM_P_FLAG  CHAR(1) 
, CANTI_D_FLAG  CHAR(1) 
, CANTI_P_FLAG  CHAR(1) 
, COOP_P_FLAG  CHAR(1) 
, EXTCO_P_FLAG  CHAR(1) 
, GPABR_P_FLAG  CHAR(1) 
, METCA_D_FLAG  CHAR(1) 
, METCA_P_FLAG  CHAR(1) 
, MONFR_P_FLAG  CHAR(1) 
, PAMIT_P_FLAG  CHAR(1) 
, PMTIT_P_FLAG  CHAR(1) 
, TESCN_D_FLAG  CHAR(1) 
, TESCN_P_FLAG  CHAR(1) 
, TESCZ_P_FLAG  CHAR(1) 
, TESHU_P_FLAG  CHAR(1) 
, TESIE_D_FLAG  CHAR(1) 
, TESIE_P_FLAG  CHAR(1) 
, TESKR_D_FLAG  CHAR(1) 
, TESKR_P_FLAG  CHAR(1) 
, TESMY_D_FLAG  CHAR(1) 
, TESMY_P_FLAG  CHAR(1) 
, TESPL_D_FLAG  CHAR(1) 
, TESPL_P_FLAG  CHAR(1) 
, TESSK_P_FLAG  CHAR(1) 
, TESTH_D_FLAG  CHAR(1) 
, TESTH_P_FLAG  CHAR(1) 
, TESTR_P_FLAG  CHAR(1) 
, TESUK_D_FLAG  CHAR(1) 
, TESUK_GD_FLAG  CHAR(1) 
, TESUK_P_FLAG  CHAR(1) 
, TESUK_GT_FLAG  CHAR(1) 
, KROUS_D_FLAG  CHAR(1) 
);
CREATE TABLE MARKETPLACE.META_COL_INFO_CROSS_ROLLUP (TESPL_P_FLAG  VARCHAR(1) 
, PMTIT_P_FLAG  VARCHAR(1) 
, KROUS_P_FLAG  VARCHAR(1) 
, TESMY_D_FLAG  VARCHAR(1) 
, MONFR_P_FLAG  VARCHAR(1) 
, GPABR_P_FLAG  VARCHAR(1) 
, TESTR_D_FLAG  VARCHAR(1) 
, PMTIT_D_FLAG  VARCHAR(1) 
, TESMY_P_FLAG  VARCHAR(1) 
, TESUK_P_FLAG  VARCHAR(1) 
, TESCZ_T_FLAG  VARCHAR(1) 
, METCA_T_FLAG  VARCHAR(1) 
, TESHU_D_FLAG  VARCHAR(1) 
, TESKR_T_FLAG  VARCHAR(1) 
, TESCZ_P_FLAG  VARCHAR(1) 
, EXTCO_P_FLAG  VARCHAR(1) 
, EXTCO_T_FLAG  VARCHAR(1) 
, MACUS_T_FLAG  VARCHAR(1) 
, TESUK_D_FLAG  VARCHAR(1) 
, MACUS_S_FLAG  VARCHAR(1) 
, COOP_P_FLAG  VARCHAR(1) 
, TESCN_D_FLAG  VARCHAR(1) 
, TESUK_GD_FLAG  VARCHAR(1) 
, TESIE_D_FLAG  VARCHAR(1) 
, RAIA_DROGASIL_P_FLAG  VARCHAR(1) 
, METCA_D_FLAG  VARCHAR(1) 
, TESCN_T_FLAG  VARCHAR(1) 
, TESCZ_D_FLAG  VARCHAR(1) 
, TESPL_D_FLAG  VARCHAR(1) 
, TESMY_T_FLAG  VARCHAR(1) 
, KROUS_S_FLAG  VARCHAR(1) 
, TESUK_T_FLAG  VARCHAR(1) 
, KPHRM_P_FLAG  VARCHAR(1) 
, TABLE_NAME  VARCHAR(800) 
, PAMIT_D_FLAG  VARCHAR(1) 
, TESTR_T_FLAG  VARCHAR(1) 
, MACUS_D_FLAG  VARCHAR(1) 
, TESSK_T_FLAG  VARCHAR(1) 
, COOP_D_FLAG  VARCHAR(1) 
, TESSK_P_FLAG  VARCHAR(1) 
, TESTH_D_FLAG  VARCHAR(1) 
, TESUK_GT_FLAG  VARCHAR(1) 
, CDM_LITE_D_FLAG  VARCHAR(1) 
, CANTI_P_FLAG  VARCHAR(1) 
, PAMIT_P_FLAG  VARCHAR(1) 
, RAIA_DROGASIL_D_FLAG  VARCHAR(1) 
, TESTH_P_FLAG  VARCHAR(1) 
, TESHU_P_FLAG  VARCHAR(1) 
, SHOPRITE_D_FLAG  VARCHAR(1) 
, TESKR_P_FLAG  VARCHAR(1) 
, TESTH_T_FLAG  VARCHAR(1) 
, EXTCO_D_FLAG  VARCHAR(1) 
, GPABR_D_FLAG  VARCHAR(1) 
, TESTR_P_FLAG  VARCHAR(1) 
, SUPSET_P_FLAG  VARCHAR(1) 
, TESKR_D_FLAG  VARCHAR(1) 
, KROUS_T_FLAG  VARCHAR(1) 
, SHOPRITE_P_FLAG  VARCHAR(1) 
, TESHU_T_FLAG  VARCHAR(1) 
, METCA_P_FLAG  VARCHAR(1) 
, TESIE_T_FLAG  VARCHAR(1) 
, MACUS_P_FLAG  VARCHAR(1) 
, RAIA_DROGASIL_T_FLAG  VARCHAR(1) 
, SHOPRITE_T_FLAG  VARCHAR(1) 
, COOP_T_FLAG  VARCHAR(1) 
, MONFR_T_FLAG  VARCHAR(1) 
, CANTI_D_FLAG  VARCHAR(1) 
, MONFR_D_FLAG  VARCHAR(1) 
, GPABR_T_FLAG  VARCHAR(1) 
, TESPL_T_FLAG  VARCHAR(1) 
, TESIE_P_FLAG  VARCHAR(1) 
, TESCN_P_FLAG  VARCHAR(1) 
, KROUS_D_FLAG  VARCHAR(1) 
, TESSK_D_FLAG  VARCHAR(1) 
);
CREATE TABLE MARKETPLACE.META_CUST_SPECIFIC_CHANGE (TICKET_NO  VARCHAR(30) 
, UPDATE_BY  VARCHAR(30) 
, ENVIRONMENT_ID  NUMERIC(22) 
, DATABASE_NAME  VARCHAR(400) 
, SCHEMA_NAME  VARCHAR(20) 
, CHANGE_DETAIL  VARCHAR(1000) 
, REASON_FOR_CHANGE  VARCHAR(2000) 
, CHANGE_SCRIPT  TEXT 
, CHANGE_SCRIPT_COMMENT  VARCHAR(4000) 
, OTHER_RUN_SCRIPT  VARCHAR(4000) 
, STATUS  VARCHAR(20) 
, FILE_STORE_LINK  VARCHAR(1000) 
, ERWIN_ACTIVE_FLAG  VARCHAR(1) 
, ERWIN_CHANGE_DETAIL  VARCHAR(40) 
, INSERT_DATE  TIMESTAMPTZ 
, INSERT_BY  VARCHAR(30) 
, UPDATE_DATE  TIMESTAMPTZ 
, CLIENT_ID  NUMERIC(22) 
);
CREATE TABLE MARKETPLACE.META_DEPRECATE_COLUMN (PK_FLAG  VARCHAR(1) 
, COLUMN_NAME  VARCHAR(30) 
, TABLE_NAME  VARCHAR(30) 
, DEPRECATE_FINAL_DATE  DATE 
, DEPRECATE_DECIDE_DATE  DATE 
, DEPRECATE_REASON_DESC  VARCHAR(100) 
, NULLABLE  VARCHAR(20) 
, VERSION  VARCHAR(20) 
, PARENT_COLUMN_NAME  VARCHAR(30) 
, DH_DOMAIN  VARCHAR(30) 
, DATA_TYPE  VARCHAR(30) 
, COL_COMMENT  VARCHAR(2000) 
, COL_ORDER  NUMERIC(22) 
);
CREATE TABLE MARKETPLACE.META_DEPRECATE_COLUMN_TEMP (DEPRECATE_FINAL_DATE  DATE 
, TABLE_NAME  VARCHAR(30) 
, COLUMN_NAME  VARCHAR(30) 
, PK_FLAG  VARCHAR(1) 
, DEPRECATE_REASON_DESC  VARCHAR(100) 
, DH_DOMAIN  VARCHAR(30) 
, DATA_TYPE  VARCHAR(30) 
, NULLABLE  VARCHAR(20) 
, COL_COMMENT  VARCHAR(2000) 
, COL_ORDER  NUMERIC(22) 
, VERSION  VARCHAR(20) 
, PARENT_COLUMN_NAME  VARCHAR(30) 
, DEPRECATE_DECIDE_DATE  DATE 
);
CREATE TABLE MARKETPLACE.META_DEPRECATE_TABLE (DEPRECATE_FINAL_DATE  DATE 
, TABLE_NAME  VARCHAR(30) 
, TAB_COMMENT  VARCHAR(2000) 
, DEPRECATE_REASON_DESC  VARCHAR(100) 
, DEPRECATE_DECIDE_DATE  DATE 
);
CREATE TABLE MARKETPLACE.META_DICTIONARY (DATA_SCALE  NUMERIC(22) 
, DATA_PRECISION  NUMERIC(22) 
, DATA_TYPE  VARCHAR(106) 
, CLIENT_COLUMN_COMMENTS  VARCHAR(4000) 
, COLUMN_COMMENTS  VARCHAR(4000) 
, COLUMN_ID  NUMERIC(22) 
, CLIENT_COLUMN_NAME  VARCHAR(400) 
, COLUMN_NAME  VARCHAR(30) 
, CLIENT_TABLE_COMMENTS  VARCHAR(4000) 
, PK_FLAG  VARCHAR(4) 
, DEPRECATED_FLAG  CHAR(1) 
, LAST_UPDATE  TIMESTAMPTZ 
, NULLABLE  VARCHAR(1) 
, TABLE_COMMENTS  VARCHAR(4000) 
, CLIENT_TABLE_NAME  VARCHAR(400) 
, TABLE_NAME  VARCHAR(30) 
, ENVIRONMENT_NAME  VARCHAR(100) 
, ENVIRONMENT_ID  NUMERIC(22) 
, CLIENT_NAME  VARCHAR(100) 
, CLIENT_ID  NUMERIC(22) 
, CHAR_LENGTH  NUMERIC(22) 
);
CREATE TABLE MARKETPLACE.META_DICTIONARY_OLD (CLIENT_TABLE_NAME  VARCHAR(400) 
, TABLE_COMMENTS  VARCHAR(4000) 
, CLIENT_TABLE_COMMENTS  VARCHAR(4000) 
, COLUMN_NAME  VARCHAR(30) 
, CLIENT_COLUMN_NAME  VARCHAR(400) 
, COLUMN_ID  NUMERIC(22) 
, COLUMN_COMMENTS  VARCHAR(4000) 
, CLIENT_COLUMN_COMMENTS  VARCHAR(4000) 
, DATA_TYPE  VARCHAR(106) 
, DATA_PRECISION  NUMERIC(22) 
, DATA_SCALE  NUMERIC(22) 
, NULLABLE  VARCHAR(1) 
, CHAR_LENGTH  NUMERIC(22) 
, LAST_UPDATE  TIMESTAMPTZ 
, DEPRECATED_FLAG  CHAR(1) 
, PK_FLAG  VARCHAR(4) 
, CLIENT_ID  NUMERIC(22) 
, CLIENT_NAME  VARCHAR(100) 
, ENVIRONMENT_ID  NUMERIC(22) 
, ENVIRONMENT_NAME  VARCHAR(100) 
, TABLE_NAME  VARCHAR(30) 
);
CREATE TABLE MARKETPLACE.META_DOMAINS (NAME  VARCHAR(50) 
, NULLABLE  VARCHAR(50) 
, DATA_TYPE  VARCHAR(50) 
);
CREATE TABLE MARKETPLACE.META_METRICS (CLIENT_NAME  VARCHAR(50) 
, COLUMNS_DEV  VARCHAR(20) 
, UPDATED_FLAG  VARCHAR(1) 
, TABLES_PROD  VARCHAR(20) 
, CLIENT_CODE  VARCHAR(10) 
, CLIENT_ORDER  NUMERIC(22) 
, LAST_UPDATE  DATE 
, RELEASE  VARCHAR(20) 
, TABLES_DEV  VARCHAR(20) 
, COLUMNS_PROD  VARCHAR(20) 
);
CREATE TABLE MARKETPLACE.META_METRICS_BACKUP (CLIENT_NAME  VARCHAR(50) 
, TABLES_PROD  VARCHAR(20) 
, CLIENT_CODE  VARCHAR(10) 
, CLIENT_ORDER  NUMERIC(22) 
, UPDATED_FLAG  VARCHAR(1) 
, RELEASE  VARCHAR(20) 
, TABLES_DEV  VARCHAR(20) 
, COLUMNS_PROD  VARCHAR(20) 
, COLUMNS_DEV  VARCHAR(20) 
, LAST_UPDATE  DATE 
);
CREATE TABLE MARKETPLACE.META_SOURCE_TARGET_MAP (SOURCE_TABLE_PHASE_DESC  VARCHAR(1020) 
, SOURCE_TABLE_PHASE_MEMO  VARCHAR(4000) 
, SOURCE_TABLE_PHASE_SORT_ORDER  NUMERIC(22) 
, SOURCE_TABLE_SCHEMA_ID  NUMERIC(22) 
, SOURCE_TABLE_SCHEMA_NAME  VARCHAR(30) 
, SOURCE_TABLE_SCHEMA_MEMO  VARCHAR(4000) 
, SOURCE_TABLE_TYPE_ID  NUMERIC(22) 
, SOURCE_TABLE_TYPE_DESC  VARCHAR(200) 
, SOURCE_TABLE_TYPE_MEMO  VARCHAR(4000) 
, SOURCE_FULL_TABLE_NAME  VARCHAR(4000) 
, TARGET_COLUMN_ID  NUMERIC(22) 
, TARGET_COLUMN_NAME  VARCHAR(128) 
, TARGET_COLUMN_TYPE_ID  NUMERIC(22) 
, TARGET_COLUMN_TYPE_DESC  VARCHAR(200) 
, TARGET_COLUMN_TYPE_MEMO  VARCHAR(4000) 
, TARGET_SANITIZED_COLUMN_NAME  VARCHAR(4000) 
, TARGET_COLUMN_POSITION_NUM  NUMERIC(22) 
, TARGET_TABLE_ID  NUMERIC(22) 
, TARGET_TABLE_NAME  VARCHAR(1020) 
, TARGET_DOMAIN_ID  NUMERIC(22) 
, TARGET_TABLE_PHASE_DESC  VARCHAR(1020) 
, TARGET_TABLE_PHASE_MEMO  VARCHAR(4000) 
, TARGET_TABLE_PHASE_SORT_ORDER  NUMERIC(22) 
, TARGET_TABLE_SCHEMA_ID  NUMERIC(22) 
, TARGET_TABLE_SCHEMA_NAME  VARCHAR(30) 
, TARGET_TABLE_SCHEMA_MEMO  VARCHAR(4000) 
, TARGET_TABLE_TYPE_ID  NUMERIC(22) 
, TARGET_TABLE_TYPE_DESC  VARCHAR(200) 
, TARGET_TABLE_TYPE_MEMO  VARCHAR(4000) 
, TARGET_FULL_TABLE_NAME  VARCHAR(4000) 
, MEMO  VARCHAR(4000) 
, CREATED_DTTM  DATE 
, CREATED_BY  VARCHAR(30) 
, MODIFIED_DTTM  DATE 
, MODIFIED_BY  VARCHAR(30) 
, TARGET_DOMAIN_DESC  VARCHAR(200) 
, TARGET_DBMS_DATA_TYPE_ID  NUMERIC(22) 
, TARGET_DBMS_DATA_TYPE_DESC  VARCHAR(200) 
, TARGET_DBMS_SYSTEM_ID  NUMERIC(22) 
, TARGET_DBMS_SYSTEM_DESC  VARCHAR(200) 
, TARGET_DBMS_SYSTEM_MEMO  VARCHAR(4000) 
, TARGET_DATA_TYPE_ID  NUMERIC(22) 
, TARGET_DATA_TYPE_DESC  VARCHAR(200) 
, TARGET_DATA_TYPE_MEMO  VARCHAR(4000) 
, TARGET_DBMS_DATA_TYPE_MEMO  VARCHAR(4000) 
, TARGET_DATA_LENGTH  NUMERIC(22) 
, TARGET_DATA_PRECISION  NUMERIC(22) 
, TARGET_DATA_SCALE  NUMERIC(22) 
, TARGET_DOMAIN_MEMO  VARCHAR(4000) 
, TARGET_VIRTUAL_COLUMN_FLAG  CHAR(1) 
, TARGET_VIRTUAL_COLUMN_EXPR  VARCHAR(128) 
, TARGET_COLUMN_MEMO  VARCHAR(4000) 
, TARGET_EFFECTIVE_COLUMN_FLAG  CHAR(1) 
, TARGET_DIM_EXPIRY_COLUMN_FLAG  CHAR(1) 
, TARGET_DIM_CURRENT_COLUMN_FLAG  CHAR(1) 
, TARGET_DIM_ID_COLUMN_FLAG  CHAR(1) 
, TARGET_TABLE_MEMO  VARCHAR(4000) 
, TARGET_TABLE_PHASE_ID  NUMERIC(22) 
, MARKET_NAME  VARCHAR(50) 
, CLIENT_ID  NUMERIC(22) 
, CLIENT_NAME  VARCHAR(50) 
, ENVIRONMENT_ID  NUMERIC(22) 
, ENVIRONMENT_NAME  VARCHAR(50) 
, DATABASE_NAME  VARCHAR(50) 
, COLUMN_MAPPING_ID  NUMERIC(22) 
, SOURCE_COLUMN_ID  NUMERIC(22) 
, SOURCE_COLUMN_NAME  VARCHAR(128) 
, SOURCE_COLUMN_TYPE_ID  NUMERIC(22) 
, SOURCE_COLUMN_TYPE_DESC  VARCHAR(200) 
, SOURCE_COLUMN_TYPE_MEMO  VARCHAR(4000) 
, SOURCE_SANITIZED_COLUMN_NAME  VARCHAR(4000) 
, TRANSFORMATION_EXPRESSION  VARCHAR(4000) 
, SOURCE_COLUMN_POSITION_NUM  NUMERIC(22) 
, SOURCE_TABLE_ID  NUMERIC(22) 
, SOURCE_TABLE_NAME  VARCHAR(1020) 
, SOURCE_DOMAIN_ID  NUMERIC(22) 
, SOURCE_DOMAIN_DESC  VARCHAR(200) 
, SOURCE_DBMS_DATA_TYPE_ID  NUMERIC(22) 
, SOURCE_DBMS_DATA_TYPE_DESC  VARCHAR(200) 
, SOURCE_DBMS_SYSTEM_ID  NUMERIC(22) 
, SOURCE_DBMS_SYSTEM_DESC  VARCHAR(200) 
, SOURCE_DBMS_SYSTEM_MEMO  VARCHAR(4000) 
, SOURCE_DATA_TYPE_ID  NUMERIC(22) 
, SOURCE_DATA_TYPE_DESC  VARCHAR(200) 
, SOURCE_DATA_TYPE_MEMO  VARCHAR(4000) 
, SOURCE_DBMS_DATA_TYPE_MEMO  VARCHAR(4000) 
, SOURCE_DATA_LENGTH  NUMERIC(22) 
, SOURCE_DATA_PRECISION  NUMERIC(22) 
, SOURCE_DATA_SCALE  NUMERIC(22) 
, SOURCE_DOMAIN_MEMO  VARCHAR(4000) 
, SOURCE_VIRTUAL_COLUMN_FLAG  CHAR(1) 
, SOURCE_VIRTUAL_COLUMN_EXPR  VARCHAR(128) 
, SOURCE_COLUMN_MEMO  VARCHAR(4000) 
, SOURCE_EFFECTIVE_COLUMN_FLAG  CHAR(1) 
, SOURCE_DIM_EXPIRY_COLUMN_FLAG  CHAR(1) 
, SOURCE_DIM_CURRENT_COLUMN_FLAG  CHAR(1) 
, SOURCE_DIM_ID_COLUMN_FLAG  CHAR(1) 
, SOURCE_TABLE_MEMO  VARCHAR(4000) 
, SOURCE_TABLE_PHASE_ID  NUMERIC(22) 
);
CREATE TABLE MARKETPLACE.META_SUBJECT_AREA_KRG (TABLE_NAME  VARCHAR(50) 
, COLUMN_NAME  VARCHAR(50) 
, SUBJECT_AREA  VARCHAR(50) 
, NOTES  VARCHAR(200) 
, REFERENCE  VARCHAR(50) 
);
CREATE TABLE MARKETPLACE.META_TABLE (TABLE_NAME  VARCHAR(400) 
, ENVIRONMENT_ID  NUMERIC(22) 
, CLIENT_ID  NUMERIC(22) 
, MODIFIED_BY_NAME  VARCHAR(400) 
, CLIENT_TABLE_NAME  VARCHAR(400) 
, CREATED_BY_NAME  VARCHAR(400) 
, TABLE_TEXT  VARCHAR(4000) 
, CREATED_DTTM  DATE 
, CLIENT_TABLE_TEXT  VARCHAR(4000) 
, MODIFIED_DTTM  DATE 
);
CREATE TABLE MARKETPLACE.META_TABLE_CLIENT_DESC (TABLE_NAME  VARCHAR(30) 
, ISERVICE_TICKET_NO  VARCHAR(30) 
, CLIENT_ID  NUMERIC(22) 
, CLIENT_TABLE_DESC  VARCHAR(4000) 
);
CREATE TABLE MARKETPLACE.META_TABLE_COLUMN (MODIFIED_BY_NAME  VARCHAR(400) 
, MODIFIED_DTTM  DATE 
, CREATED_BY_NAME  VARCHAR(400) 
, CLIENT_COLUMN_TEXT  VARCHAR(4000) 
, CLIENT_COLUMN_NAME  VARCHAR(400) 
, COLUMN_TEXT  VARCHAR(4000) 
, COLUMN_NAME  VARCHAR(400) 
, TABLE_NAME  VARCHAR(400) 
, ENVIRONMENT_ID  NUMERIC(22) 
, CLIENT_ID  NUMERIC(22) 
, CREATED_DTTM  DATE 
);
CREATE TABLE MARKETPLACE.META_TEST (TABLE_COMMENTS  VARCHAR(4000) 
, TABLE_NAME  VARCHAR(30) 
);
CREATE TABLE MARKETPLACE.META_TRACK_DEPLOYMENTS (CLIENT_NAME  VARCHAR(30) 
, SCHEMA_NAME  VARCHAR(20) 
, STATUS  VARCHAR(20) 
, DESCRIPTION  VARCHAR(500) 
, DEP_DATE  TIMESTAMPTZ 
, TICKET_NO  VARCHAR(30) 
, DEP_USER  VARCHAR(30) 
, ENVIRONMENT_NAME  VARCHAR(30) 
);
CREATE TABLE MARKETPLACE.META_VERSION (TABLE_NAME  VARCHAR(100) 
, VERSION_NUMBER  VARCHAR(20) 
, COLUMN_NAME  VARCHAR(100) 
);
CREATE TABLE MARKETPLACE.MPG_CLIENT (CLIENT_ID  NUMERIC(22) 
, CLIENT_NAME  VARCHAR(100) 
, CLIENT_CODE  VARCHAR(50) 
, CREATED_DTTM  DATE 
, MARKET_NAME  VARCHAR(50) 
, MODIFIED_DTTM  DATE 
, MODIFIED_BY  VARCHAR(200) 
, CLIENT_ORDER  NUMERIC(22) 
, CREATED_BY  VARCHAR(200) 
);
CREATE TABLE MARKETPLACE.MPG_CLIENT_VIEWS (OTHER_RUN_SCRIPTS  VARCHAR(4000) 
, VIEW_COMMENTS  VARCHAR(4000) 
, VIEW_SQL  TEXT 
, ERWIN_VIEW_NAME  VARCHAR(40) 
, ERWIN_FLAG  VARCHAR(1) 
, SCHEMA_NAME  VARCHAR(20) 
, CLIENT_ID  NUMERIC(22) 
, ENVIRONMENT_ID  NUMERIC(22) 
);
CREATE TABLE MARKETPLACE.MPG_DATABASE_LINK (CLIENT_NAME  VARCHAR(50) 
, DATABASE_LINK_DESC  VARCHAR(4000) 
, CLIENT_ID  NUMERIC(22) 
, ENVIRONMENT_ID  NUMERIC(22) 
, DATABASE_NAME  VARCHAR(20) 
, DB_LINK_SEQUENCE_NUM  NUMERIC(22) 
, SCHEMA_NAME  VARCHAR(50) 
, COMMENTS  VARCHAR(1000) 
, DATABASE_LINK_NAME  VARCHAR(400) 
, INCLUDE_REPORT_FLAG  VARCHAR(1) 
);
CREATE TABLE MARKETPLACE.MPG_ENVIRONMENT (MODIFIED_DTTM  DATE 
, CREATED_BY  VARCHAR(200) 
, CREATED_DTTM  DATE 
, ENVIRONMENT_CODE  VARCHAR(50) 
, ENVIRONMENT_NAME  VARCHAR(100) 
, ENVIRONMENT_ID  NUMERIC(22) 
, MODIFIED_BY  VARCHAR(200) 
);
CREATE TABLE MARKETPLACE.MVIEW1 (HSHD_ID  NUMERIC(22) 
, CARD_ID  NUMERIC(22) 
, CARD_CODE  VARCHAR(200) 
, GID  NUMERIC(22) 
, HSHD_ID_GRP  NUMERIC(22) 
, CARD_ID_GRP  NUMERIC(22) 
, COUNT_STAR  NUMERIC(22) 
);
CREATE TABLE MARKETPLACE.MV_CONTROL_MATRIX (OWNER  VARCHAR(30) 
, DIMENSION_NAME  VARCHAR(30) 
, HIERARCHY_NAME  VARCHAR(30) 
, MV_REQUIRED  CHAR(1) 
, MV_NAME  VARCHAR(100) 
);
CREATE TABLE MARKETPLACE.OEHR_FILE_SUBJECT (NAME  VARCHAR(4000) 
, SUBJECT  VARCHAR(4000) 
, MIME_TYPE  VARCHAR(4000) 
, BLOB_CONTENT  BYTEA 
, ID  NUMERIC(22) 
);
CREATE TABLE MARKETPLACE.PR_QUERIES_TIMING_STATS_VW (PERCENT  NUMERIC(22) 
, STATS  VARCHAR(59) 
, NUMBER_OF_QUERIES  NUMERIC(22) 
);
CREATE TABLE MARKETPLACE.PX_USAGE_BREAKDOWN_V (PERCENT  NUMERIC(22) 
, NUM_PX  NUMERIC(22) 
, USER_GROUP  VARCHAR(39) 
);
CREATE TABLE MARKETPLACE.RM_CPU_TIME_CAPTURE (DATE_ID  DATE 
, HOST_NAME  VARCHAR(30) 
, DB_UNIQUE_NAME  VARCHAR(8) 
, ACTIVE_SESSIONS  NUMERIC(22) 
, RM_GROUP_NAME  VARCHAR(30) 
, DB_CPU_SECS  NUMERIC(22) 
, INST_ID  NUMERIC(22) 
);
CREATE TABLE MARKETPLACE.SAS_RAW_CODE (FILE_NAME  VARCHAR(4000) 
, NEW_FILE_FLAG  CHAR(1) 
, LINE_TEXT  VARCHAR(4000) 
, SORT_NUM  NUMERIC(22) 
);
CREATE TABLE MARKETPLACE.SAS_USAGE_COLS (TABLE_NAME  VARCHAR(30) 
, COLUMN_NAME  VARCHAR(30) 
);
CREATE TABLE MARKETPLACE.SYS_CPU_TIME_CAPTURE (BACKGROUND_CPU_SECS  NUMERIC(22) 
, DB_CPU_SECS  NUMERIC(22) 
, INST_ID  NUMERIC(22) 
, DB_UNIQUE_NAME  VARCHAR(8) 
, HOST_NAME  VARCHAR(30) 
, DATE_ID  DATE 
, TOTAL_CPU_SECS  NUMERIC(22) 
);
CREATE TABLE MARKETPLACE.TEMP_CDM (TESMY_D_FLAG  CHAR(1) 
, TESMY_P_FLAG  CHAR(1) 
, TESPL_D_FLAG  CHAR(1) 
, TESPL_P_FLAG  CHAR(1) 
, TESSK_P_FLAG  CHAR(1) 
, TESTH_D_FLAG  CHAR(1) 
, TESTH_P_FLAG  CHAR(1) 
, TESTR_P_FLAG  CHAR(1) 
, TESUK_D_FLAG  CHAR(1) 
, TESUK_GD_FLAG  CHAR(1) 
, TESUK_P_FLAG  CHAR(1) 
, TESUK_GT_FLAG  CHAR(1) 
, KROUS_D_FLAG  CHAR(1) 
, KROUS_P_FLAG  CHAR(1) 
, KROUS_S_FLAG  CHAR(1) 
, KROUS_T_FLAG  CHAR(1) 
, MACUS_D_FLAG  CHAR(1) 
, MACUS_P_FLAG  CHAR(1) 
, MACUS_T_FLAG  CHAR(1) 
, TESCN_T_FLAG  CHAR(1) 
, TESCZ_T_FLAG  CHAR(1) 
, TESHU_T_FLAG  CHAR(1) 
, TESIE_T_FLAG  CHAR(1) 
, TESKR_T_FLAG  CHAR(1) 
, TESMY_T_FLAG  CHAR(1) 
, TESPL_T_FLAG  CHAR(1) 
, TESSK_T_FLAG  CHAR(1) 
, TESTH_T_FLAG  CHAR(1) 
, TESTR_T_FLAG  CHAR(1) 
, COOP_D_FLAG  CHAR(1) 
, COOP_T_FLAG  CHAR(1) 
, EXTCO_D_FLAG  CHAR(1) 
, EXTCO_T_FLAG  CHAR(1) 
, GPABR_D_FLAG  CHAR(1) 
, GPABR_T_FLAG  CHAR(1) 
, MONFR_D_FLAG  CHAR(1) 
, MONFR_T_FLAG  CHAR(1) 
, PAMIT_D_FLAG  CHAR(1) 
, PMTIT_D_FLAG  CHAR(1) 
, TESCZ_D_FLAG  CHAR(1) 
, TESHU_D_FLAG  CHAR(1) 
, TESSK_D_FLAG  CHAR(1) 
, TESTR_D_FLAG  CHAR(1) 
, TESUK_T_FLAG  CHAR(1) 
, CDM_LITE_D_FLAG  CHAR(1) 
, METCA_T_FLAG  CHAR(1) 
, RAIA_DROGASIL_P_FLAG  CHAR(1) 
, RAIA_DROGASIL_D_FLAG  CHAR(1) 
, RAIA_DROGASIL_T_FLAG  CHAR(1) 
, HIST_TABLE  CHAR(1) 
, HIST_FK  CHAR(1) 
, SYS_COL  CHAR(1) 
, PRIMARY_KEY  CHAR(1) 
, TABLE_TYPE  VARCHAR(3) 
, ROOT_TABLE_NAME  VARCHAR(800) 
, DEPRECATE_COLUMN_FLAG  CHAR(1) 
, LAST_RUN  DATE 
, TABLE_COMMENTS  VARCHAR(4000) 
, COLUMN_COMMENTS  VARCHAR(4000) 
, TABLE_NAME  VARCHAR(800) 
, COLUMN_NAME  VARCHAR(800) 
, SUPSET_P_FLAG  CHAR(1) 
, KPHRM_P_FLAG  CHAR(1) 
, CANTI_D_FLAG  CHAR(1) 
, CANTI_P_FLAG  CHAR(1) 
, COOP_P_FLAG  CHAR(1) 
, EXTCO_P_FLAG  CHAR(1) 
, GPABR_P_FLAG  CHAR(1) 
, METCA_D_FLAG  CHAR(1) 
, METCA_P_FLAG  CHAR(1) 
, MONFR_P_FLAG  CHAR(1) 
, PAMIT_P_FLAG  CHAR(1) 
, PMTIT_P_FLAG  CHAR(1) 
, TESCN_D_FLAG  CHAR(1) 
, TESCN_P_FLAG  CHAR(1) 
, TESCZ_P_FLAG  CHAR(1) 
, TESHU_P_FLAG  CHAR(1) 
, TESIE_D_FLAG  CHAR(1) 
, TESIE_P_FLAG  CHAR(1) 
, TESKR_D_FLAG  CHAR(1) 
, TESKR_P_FLAG  CHAR(1) 
);
CREATE TABLE MARKETPLACE.TEST (TESCZ_D_FLAG  CHAR(1) 
, TESHU_D_FLAG  CHAR(1) 
, TESSK_D_FLAG  CHAR(1) 
, TESTR_D_FLAG  CHAR(1) 
, TESUK_T_FLAG  CHAR(1) 
, CDM_LITE_D_FLAG  CHAR(1) 
, METCA_T_FLAG  CHAR(1) 
, RAIA_DROGASIL_P_FLAG  CHAR(1) 
, RAIA_DROGASIL_D_FLAG  CHAR(1) 
, RAIA_DROGASIL_T_FLAG  CHAR(1) 
, MACUS_S_FLAG  CHAR(1) 
, SHOPRITE_D_FLAG  CHAR(1) 
, SHOPRITE_T_FLAG  CHAR(1) 
, CANTI_P_FLAG  CHAR(1) 
, COOP_P_FLAG  CHAR(1) 
, EXTCO_P_FLAG  CHAR(1) 
, GPABR_P_FLAG  CHAR(1) 
, METCA_D_FLAG  CHAR(1) 
, METCA_P_FLAG  CHAR(1) 
, MONFR_P_FLAG  CHAR(1) 
, PAMIT_P_FLAG  CHAR(1) 
, PMTIT_P_FLAG  CHAR(1) 
, TESCN_D_FLAG  CHAR(1) 
, TESCN_P_FLAG  CHAR(1) 
, TESCZ_P_FLAG  CHAR(1) 
, TESHU_P_FLAG  CHAR(1) 
, TESIE_D_FLAG  CHAR(1) 
, TESIE_P_FLAG  CHAR(1) 
, TESKR_D_FLAG  CHAR(1) 
, TESKR_P_FLAG  CHAR(1) 
, TESMY_D_FLAG  CHAR(1) 
, TESMY_P_FLAG  CHAR(1) 
, TESPL_D_FLAG  CHAR(1) 
, TESPL_P_FLAG  CHAR(1) 
, TESSK_P_FLAG  CHAR(1) 
, TESTH_D_FLAG  CHAR(1) 
, TESTH_P_FLAG  CHAR(1) 
, TESTR_P_FLAG  CHAR(1) 
, TESUK_D_FLAG  CHAR(1) 
, TESUK_GD_FLAG  CHAR(1) 
, TESUK_P_FLAG  CHAR(1) 
, TESUK_GT_FLAG  CHAR(1) 
, KROUS_D_FLAG  CHAR(1) 
, KROUS_P_FLAG  CHAR(1) 
, KROUS_S_FLAG  CHAR(1) 
, KROUS_T_FLAG  CHAR(1) 
, MACUS_D_FLAG  CHAR(1) 
, MACUS_P_FLAG  CHAR(1) 
, MACUS_T_FLAG  CHAR(1) 
, TESCN_T_FLAG  CHAR(1) 
, TESCZ_T_FLAG  CHAR(1) 
, TESHU_T_FLAG  CHAR(1) 
, TESIE_T_FLAG  CHAR(1) 
, TESKR_T_FLAG  CHAR(1) 
, LAST_RUN  DATE 
, TABLE_COMMENTS  VARCHAR(4000) 
, COLUMN_COMMENTS  VARCHAR(4000) 
, TABLE_NAME  VARCHAR(800) 
, COLUMN_NAME  VARCHAR(800) 
, SUPSET_P_FLAG  CHAR(1) 
, KPHRM_P_FLAG  CHAR(1) 
, CANTI_D_FLAG  CHAR(1) 
, TESMY_T_FLAG  CHAR(1) 
, TESPL_T_FLAG  CHAR(1) 
, TESSK_T_FLAG  CHAR(1) 
, TESTH_T_FLAG  CHAR(1) 
, TESTR_T_FLAG  CHAR(1) 
, COOP_D_FLAG  CHAR(1) 
, COOP_T_FLAG  CHAR(1) 
, EXTCO_D_FLAG  CHAR(1) 
, EXTCO_T_FLAG  CHAR(1) 
, GPABR_D_FLAG  CHAR(1) 
, GPABR_T_FLAG  CHAR(1) 
, MONFR_D_FLAG  CHAR(1) 
, MONFR_T_FLAG  CHAR(1) 
, PAMIT_D_FLAG  CHAR(1) 
, PMTIT_D_FLAG  CHAR(1) 
);
CREATE TABLE MARKETPLACE.TOTAL_RECALL_MATRIX (SCHEMA_NAME  VARCHAR(30) 
, USERID  VARCHAR(30) 
, DATE_ADDED_TO_RECALL  TIMESTAMPTZ 
, TABLE_NAME  VARCHAR(30) 
);
CREATE TABLE MARKETPLACE.TRANSACTION_CONTROL_TABLE (FIS_WEEK_START_DATE  DATE 
, PARTITION_NAME  VARCHAR(50) 
, CSV_NAME  VARCHAR(100) 
, OWNER  VARCHAR(20) 
, CREATED_DTTM  DATE 
, TABLE_NAME  VARCHAR(50) 
, CREATED_FLAG  VARCHAR(1) 
);
CREATE TABLE MARKETPLACE.USAGE_BREAKDOWN_2_V (USER_GROUP  VARCHAR(39) 
, PERCENT  NUMERIC(22) 
, NUM_OF_SECS  NUMERIC(22) 
);
CREATE TABLE MARKETPLACE.USAGE_BREAKDOWN_V (PERCENT  NUMERIC(22) 
, USER_GROUP  VARCHAR(39) 
, NUMBER_OF_QUERIES  NUMERIC(22) 
);
CREATE TABLE MARKETPLACE.USER_PERFORMANCE_TRACKER (PX_SERVERS_ALLOCATED  NUMERIC(22) 
, QUEUING_SECS  NUMERIC(22) 
, NUM_OF_SECS  NUMERIC(22) 
, SQL_EXEC_START  DATE 
, SQL_ID  VARCHAR(13) 
, USERNAME  VARCHAR(30) 
, STATUS  VARCHAR(19) 
);
CREATE TABLE MARKETPLACE.USER_PERF_TRACKER_ADD (SQL_EXEC_START  DATE 
, PLAN_HASH_VALUE  NUMERIC(22) 
, MODULE  VARCHAR(64) 
, USERNAME  VARCHAR(30) 
, SQL_ID  VARCHAR(13) 
, OSUSER  VARCHAR(30) 
, SQL_EXEC_ID  NUMERIC(22) 
, USER_ID  NUMERIC(22) 
);
CREATE TABLE MARKETPLACE.USER_QUERIES_STATS_VW (VALUE  NUMERIC(22) 
, STATS  VARCHAR(65) 
);
CREATE TABLE MARKETPLACE.USER_QUERIES_TIMING_STATS_VW (NUMBER_OF_QUERIES  NUMERIC(22) 
, PERCENT  NUMERIC(22) 
, STATS  VARCHAR(59) 
);
CREATE TABLE MARKETPLACE.UTIL_QUERIES_TIMING_STATS_VW (NUMBER_OF_QUERIES  NUMERIC(22) 
, PERCENT  NUMERIC(22) 
, STATS  VARCHAR(59) 
);
CREATE TABLE MARKETPLACE.test_ROLLUP (METCA_T_FLAG  VARCHAR(1) 
, TESKR_T_FLAG  VARCHAR(1) 
, KPHRM_P_FLAG  VARCHAR(1) 
, COOP_D_FLAG  VARCHAR(1) 
, TESTH_D_FLAG  VARCHAR(1) 
, MACUS_S_FLAG  VARCHAR(1) 
, MONFR_D_FLAG  VARCHAR(1) 
, TESTR_D_FLAG  VARCHAR(1) 
, TESUK_D_FLAG  VARCHAR(1) 
, TESSK_D_FLAG  VARCHAR(1) 
, SUPSET_P_FLAG  VARCHAR(1) 
, TESTH_T_FLAG  VARCHAR(1) 
, GPABR_P_FLAG  VARCHAR(1) 
, TESMY_P_FLAG  VARCHAR(1) 
, CDM_LITE_D_FLAG  VARCHAR(1) 
, TESTH_P_FLAG  VARCHAR(1) 
, RAIA_DROGASIL_D_FLAG  VARCHAR(1) 
, SHOPRITE_T_FLAG  VARCHAR(1) 
, MONFR_T_FLAG  VARCHAR(1) 
, CANTI_D_FLAG  VARCHAR(1) 
, TESSK_T_FLAG  VARCHAR(1) 
, TESHU_D_FLAG  VARCHAR(1) 
, TESPL_T_FLAG  VARCHAR(1) 
, TABLE_NAME  VARCHAR(800) 
, PAMIT_P_FLAG  VARCHAR(1) 
, TESCN_T_FLAG  VARCHAR(1) 
, TESCN_D_FLAG  VARCHAR(1) 
, TESCZ_T_FLAG  VARCHAR(1) 
, KROUS_D_FLAG  VARCHAR(1) 
, TESSK_P_FLAG  VARCHAR(1) 
, TESKR_P_FLAG  VARCHAR(1) 
, COOP_P_FLAG  VARCHAR(1) 
, MACUS_D_FLAG  VARCHAR(1) 
, TESPL_P_FLAG  VARCHAR(1) 
, SHOPRITE_D_FLAG  VARCHAR(1) 
, GPABR_T_FLAG  VARCHAR(1) 
, RAIA_DROGASIL_T_FLAG  VARCHAR(1) 
, TESMY_T_FLAG  VARCHAR(1) 
, EXTCO_T_FLAG  VARCHAR(1) 
, MONFR_P_FLAG  VARCHAR(1) 
, PMTIT_D_FLAG  VARCHAR(1) 
, MACUS_P_FLAG  VARCHAR(1) 
, TESIE_D_FLAG  VARCHAR(1) 
, KROUS_T_FLAG  VARCHAR(1) 
, TESCZ_P_FLAG  VARCHAR(1) 
, EXTCO_P_FLAG  VARCHAR(1) 
, TESUK_GD_FLAG  VARCHAR(1) 
, TESUK_GT_FLAG  VARCHAR(1) 
, PMTIT_P_FLAG  VARCHAR(1) 
, METCA_P_FLAG  VARCHAR(1) 
, METCA_D_FLAG  VARCHAR(1) 
, TESUK_T_FLAG  VARCHAR(1) 
, PAMIT_D_FLAG  VARCHAR(1) 
, TESIE_P_FLAG  VARCHAR(1) 
, TESUK_P_FLAG  VARCHAR(1) 
, MACUS_T_FLAG  VARCHAR(1) 
, TESHU_T_FLAG  VARCHAR(1) 
, CANTI_P_FLAG  VARCHAR(1) 
, KROUS_P_FLAG  VARCHAR(1) 
, COOP_T_FLAG  VARCHAR(1) 
, TESKR_D_FLAG  VARCHAR(1) 
, TESCN_P_FLAG  VARCHAR(1) 
, TESHU_P_FLAG  VARCHAR(1) 
, GPABR_D_FLAG  VARCHAR(1) 
, KROUS_S_FLAG  VARCHAR(1) 
, TESPL_D_FLAG  VARCHAR(1) 
, TESIE_T_FLAG  VARCHAR(1) 
, RAIA_DROGASIL_P_FLAG  VARCHAR(1) 
, TESTR_P_FLAG  VARCHAR(1) 
, EXTCO_D_FLAG  VARCHAR(1) 
, TESMY_D_FLAG  VARCHAR(1) 
, TESTR_T_FLAG  VARCHAR(1) 
, TESCZ_D_FLAG  VARCHAR(1) 
);
