-- begin file --
CREATE TABLE MARKETPLACE.AGGREGATE_FUNCTION_MATRIX (TABLE_NAME  VARCHAR 
, PACKAGE_NAME  VARCHAR 
);
CREATE TABLE MARKETPLACE.AGGREGATE_MATRIX (TABLE_NAME  VARCHAR 
, DIMENSION_YN  VARCHAR 
);
CREATE TABLE MARKETPLACE.ALL_QUERIES_STATS_VW (STATS  VARCHAR 
, VALUE  NUMERIC 
);
CREATE TABLE MARKETPLACE.ALL_QUERIES_TIMING_STATS_VW (NUMBER_OF_QUERIES  NUMERIC 
, STATS  VARCHAR 
, PERCENT  NUMERIC 
);
CREATE TABLE MARKETPLACE.AN_CM_QUERIES_TIMING_STATS_VW (NUMBER_OF_QUERIES  NUMERIC 
, PERCENT  NUMERIC 
, STATS  VARCHAR 
);
CREATE TABLE MARKETPLACE.AN_ME_QUERIES_TIMING_STATS_VW (STATS  VARCHAR 
, PERCENT  NUMERIC 
, NUMBER_OF_QUERIES  NUMERIC 
);
CREATE TABLE MARKETPLACE.AN_MP_QUERIES_TIMING_STATS_VW (STATS  VARCHAR 
, PERCENT  NUMERIC 
, NUMBER_OF_QUERIES  NUMERIC 
);
CREATE TABLE MARKETPLACE.AN_RT_QUERIES_TIMING_STATS_VW (STATS  VARCHAR 
, PERCENT  NUMERIC 
, NUMBER_OF_QUERIES  NUMERIC 
);
CREATE TABLE MARKETPLACE.CDM_COLUMN_INFO_CROSSTAB_V (COLUMN_COMMENTS  VARCHAR 
, TESUK_GD_FLAG  CHAR 
, TESTH_P_FLAG  CHAR 
, EXTCO_P_FLAG  CHAR 
, TABLE_COMMENTS  VARCHAR 
, TESKR_D_FLAG  CHAR 
, CANTI_D_FLAG  CHAR 
, TESKR_P_FLAG  CHAR 
, GPABR_P_FLAG  CHAR 
, KROUS_T_FLAG  CHAR 
, TESCZ_P_FLAG  CHAR 
, TESTH_D_FLAG  CHAR 
, PAMIT_P_FLAG  CHAR 
, METCA_D_FLAG  CHAR 
, MONFR_P_FLAG  CHAR 
, COOP_P_FLAG  CHAR 
, TESCN_D_FLAG  CHAR 
, TESCN_P_FLAG  CHAR 
, TESIE_D_FLAG  CHAR 
, TABLE_NAME  VARCHAR 
, TESSK_P_FLAG  CHAR 
, KROUS_S_FLAG  CHAR 
, MACUS_P_FLAG  CHAR 
, TESUK_GT_FLAG  CHAR 
, TESPL_D_FLAG  CHAR 
, TESIE_P_FLAG  CHAR 
, TESMY_P_FLAG  CHAR 
, CANTI_P_FLAG  CHAR 
, TESTR_P_FLAG  CHAR 
, KROUS_D_FLAG  CHAR 
, TESUK_D_FLAG  CHAR 
, MACUS_D_FLAG  CHAR 
, TESPL_P_FLAG  CHAR 
, METCA_P_FLAG  CHAR 
, COLUMN_ORDER_NUM  NUMERIC 
, PMTIT_P_FLAG  CHAR 
, TESMY_D_FLAG  CHAR 
, KROUS_P_FLAG  CHAR 
, TESHU_P_FLAG  CHAR 
, COLUMN_NAME  VARCHAR 
, TESUK_P_FLAG  CHAR 
, LAST_RUN  VARCHAR 
);
CREATE TABLE MARKETPLACE.CDM_PHYSICAL_DICTIONARY_V (CLIENT_CODE  VARCHAR 
, CLIENT_COLUMN_NAME  VARCHAR 
, CLIENT_ID  NUMERIC 
, COLUMN_ID  NUMERIC 
, DATA_PRECISION  NUMERIC 
, ENVIRONMENT_ID  NUMERIC 
, CLIENT_TABLE_NAME  VARCHAR 
, TABLE_NAME  VARCHAR 
, ENVIRONMENT_NAME  VARCHAR 
, CLIENT_NAME  VARCHAR 
, DATA_SCALE  NUMERIC 
, COLUMN_NAME  VARCHAR 
, DATA_TYPE  VARCHAR 
, CLIENT_COLUMN_COMMENTS  VARCHAR 
, NULLABLE  VARCHAR 
, ENVIRONMENT_CODE  VARCHAR 
, CHAR_LENGTH  NUMERIC 
, TABLE_COMMENTS  VARCHAR 
, CLIENT_TABLE_COMMENTS  VARCHAR 
, COLUMN_COMMENTS  VARCHAR 
);
CREATE TABLE MARKETPLACE.CDM_REMOTE_COLUMN_INFO_MV (CLIENT_NAME  VARCHAR 
, TABLE_NAME  VARCHAR 
, TABLE_COMMENTS  VARCHAR 
, COLUMN_NAME  VARCHAR 
, COLUMN_COMMENTS  VARCHAR 
, CHAR_LENGTH  NUMERIC 
, DATA_TYPE  VARCHAR 
, DATA_PRECISION  NUMERIC 
, DATA_SCALE  NUMERIC 
, NULLABLE  VARCHAR 
, LAST_RUN  VARCHAR 
, COLUMN_ID  NUMERIC 
);
CREATE TABLE MARKETPLACE.CDM_REMOTE_TABLE_CONS_INFO_MV (LAST_RUN  VARCHAR 
, RELY  VARCHAR 
, VALIDATED  VARCHAR 
, DEFERRED  VARCHAR 
, DEFERRABLE  VARCHAR 
, STATUS  VARCHAR 
, CONSTRAINT_TYPE  VARCHAR 
, COLUMN_NAME  VARCHAR 
, TABLE_NAME  VARCHAR 
, CLIENT_NAME  VARCHAR 
, CONSTRAINT_NAME  VARCHAR 
);
CREATE TABLE MARKETPLACE.CDM_REMOTE_TABLE_INDX_INFO_MV (INI_TRANS  NUMERIC 
, CLIENT_NAME  VARCHAR 
, INDEX_NAME  VARCHAR 
, INDEX_TYPE  VARCHAR 
, TABLE_NAME  VARCHAR 
, UNIQUENESS  VARCHAR 
, LAST_RUN  VARCHAR 
, DESCEND  VARCHAR 
, COLUMN_NAME  VARCHAR 
, TABLESPACE_NAME  VARCHAR 
, COMPRESSION  VARCHAR 
);
CREATE TABLE MARKETPLACE.CDM_REMOTE_TABLE_INFO_MV (CLIENT_NAME  VARCHAR 
, LAST_RUN  VARCHAR 
, TYPE_CODE  VARCHAR 
, COMPRESS_FOR  VARCHAR 
, TABLESPACE_NAME  VARCHAR 
, TABLE_NAME  VARCHAR 
);
CREATE TABLE MARKETPLACE.CDM_TO_HADOOP_ADDN_COLS (CLIENT_CODE  VARCHAR 
, CDM_TABLE_NAME  VARCHAR 
, CDM_COLUMN_NAME  VARCHAR 
, COLUMN_LENGTH_NUM  NUMERIC 
, HADOOP_COLUMN_NAME  VARCHAR 
, COLUMN_SORT_NUM  NUMERIC 
, HADOOP_TABLE_NAME  VARCHAR 
);
CREATE TABLE MARKETPLACE.CDM_TO_HADOOP_DDL (HADOOP_TABLE_NAME  VARCHAR 
, HADOOP_COLUMN_NAME  VARCHAR 
, STATEMENT_TYPE_NAME  VARCHAR 
, STATEMENT_ORDER_NUM  NUMERIC 
, DDL_TEXT  VARCHAR 
, DDL_ORACLE_TEXT  VARCHAR 
);
CREATE TABLE MARKETPLACE.CDM_TO_HADOOP_MAPPING (SORT_ORDER_NUM  NUMERIC 
, CDM_TABLE_NAME  VARCHAR 
, CDM_COLUMN_NAME  VARCHAR 
, INCLUDE_IN_HADOOP_FLAG  CHAR 
, EXCLUDE_REASON_TEXT  VARCHAR 
, HADOOP_TABLE_NAME  VARCHAR 
, HADOOP_COLUMN_NAME  VARCHAR 
, COLUMN_SORT_NUM  NUMERIC 
, CLIENT_SPECIFIC_FLAG  CHAR 
, DE_NORM_KEY_COLUMN_NAME  VARCHAR 
, COLUMN_LENGTH_NUM  NUMERIC 
, HADOOP_COLUMN_1_NAME  VARCHAR 
, COLUMN_LENGTH_1_NUM  NUMERIC 
, HADOOP_COLUMN_2_NAME  VARCHAR 
, HADOOP_TABLE_1_NAME  VARCHAR 
, ALL_CLIENT_COL_NAME  VARCHAR 
, COOP_COL_NAME  VARCHAR 
, EXTCO_COL_NAME  VARCHAR 
, GPABR_COL_NAME  VARCHAR 
, MACUS_COL_NAME  VARCHAR 
, METCA_COL_NAME  VARCHAR 
, MONFR_COL_NAME  VARCHAR 
, RAIA_DROGASIL_COL_NAME  VARCHAR 
, SHOPRITE_COL_NAME  VARCHAR 
, TESCN_COL_NAME  VARCHAR 
, TESCZ_COL_NAME  VARCHAR 
, TESHU_COL_NAME  VARCHAR 
, TESIE_COL_NAME  VARCHAR 
, TESKR_COL_NAME  VARCHAR 
, TESMY_COL_NAME  VARCHAR 
, TESPL_COL_NAME  VARCHAR 
, TESSK_COL_NAME  VARCHAR 
, TESTH_COL_NAME  VARCHAR 
, TESTR_COL_NAME  VARCHAR 
, TESUK_COL_NAME  VARCHAR 
);
CREATE TABLE MARKETPLACE.CDM_TO_HADOOP_MAPPING_CLIENT_V (HADOOP_TABLE_NAME  VARCHAR 
, COLUMN_SORT_NUM  NUMERIC 
, HADOOP_COLUMN_TYPE_NAME  VARCHAR 
, CDM_TABLE_NAME  VARCHAR 
, DE_NORM_KEY_COLUMN_NAME  VARCHAR 
, HADOOP_COLUMN_NAME  VARCHAR 
, CDM_COLUMN_NAME  VARCHAR 
);
CREATE TABLE MARKETPLACE.CDM_TO_HADOOP_MAPPING_SEG (EXCLUDE_REASON_TEXT  VARCHAR 
, INCLUDE_IN_HADOOP_FLAG  CHAR 
, SEG_TYPE_CODE  VARCHAR 
, CDM_COLUMN_NAME  VARCHAR 
, CDM_TABLE_NAME  VARCHAR 
, HADOOP_TABLE_NAME  VARCHAR 
, HADOOP_TABLE_1_NAME  VARCHAR 
, COLUMN_LENGTH_NUM  NUMERIC 
, COLUMN_SORT_NUM  NUMERIC 
, HADOOP_COLUMN_NAME  VARCHAR 
, CLIENT_CODE  VARCHAR 
);
CREATE TABLE MARKETPLACE.CDM_TO_HADOOP_OVERALL_REQT (HADOOP_COLUMN_TYPE_NAME  VARCHAR 
, DE_NORM_KEY_COLUMN_NAME  VARCHAR 
, COLUMN_SORT_NUM  NUMERIC 
, HADOOP_COLUMN_NAME  VARCHAR 
, HADOOP_TABLE_NAME  VARCHAR 
, CDM_TABLE_NAME  VARCHAR 
, CDM_COLUMN_NAME  VARCHAR 
);
CREATE TABLE MARKETPLACE.CDM_TO_HADOOP_PARTITION (HADOOP_DATABASE_NAME  VARCHAR 
, HADOOP_TABLE_NAME  VARCHAR 
, CDM_TABLE_NAME  VARCHAR 
, PARTITION_COLUMN_1_NAME  VARCHAR 
, PARTITION_COLUMN_4_NAME  VARCHAR 
, PARTITION_COLUMN_3_NAME  VARCHAR 
, PARTITION_COLUMN_2_NAME  VARCHAR 
);
CREATE TABLE MARKETPLACE.CDM_TO_HADOOP_PARTITION_V (PARTITION_COLUMN_TYPE_NAME  VARCHAR 
, COLUMN_ORDER_NUM  NUMERIC 
, CDM_TABLE_NAME  VARCHAR 
, HADOOP_TABLE_NAME  VARCHAR 
, PARTITION_COLUMN_NAME  VARCHAR 
);
CREATE TABLE MARKETPLACE.CDM_TO_HADOOP_REQT (CDM_COLUMN_NAME  VARCHAR 
, CDM_TABLE_NAME  VARCHAR 
);
CREATE TABLE MARKETPLACE.CDM_TO_HADOOP_UNWANTED_COLS (HADOOP_TABLE_NAME  VARCHAR 
, HADOOP_COLUMN_NAME  VARCHAR 
);
CREATE TABLE MARKETPLACE.CLOBBER (A  TEXT 
);
CREATE TABLE MARKETPLACE.DEPT (LOC  VARCHAR 
, DNAME  VARCHAR 
, DEPTNO  NUMERIC 
);
CREATE TABLE MARKETPLACE.DEVTM_CDM_COL_COMMENT_SYNC (CLIENT_NAME  VARCHAR 
, TABLE_NAME  VARCHAR 
, ALTER_STATEMENT  VARCHAR 
, ENVIRONMENT_NAME  VARCHAR 
);
CREATE TABLE MARKETPLACE.DEVTM_CDM_COL_DOMAINS (DATA_PRECISION  NUMERIC 
, FIX  VARCHAR 
, CLIENT_NAME  VARCHAR 
, FIX_ID  NUMERIC 
, DATA_TYPE  VARCHAR 
, CORRECT_DATA_TYPE  VARCHAR 
, COLUMN_NAME  VARCHAR 
, NAME  VARCHAR 
, CHAR_LENGTH  NUMERIC 
, TABLE_NAME  VARCHAR 
, DATA_SCALE  NUMERIC 
, ENVIRONMENT_NAME  VARCHAR 
);
CREATE TABLE MARKETPLACE.DEVTM_CDM_COL_MISSING_IN_C (COL_MISSING_IN_C  VARCHAR 
, CLIENT_NAME  VARCHAR 
, ENVIRONMENT_NAME  VARCHAR 
, TABLE_NAME  VARCHAR 
);
CREATE TABLE MARKETPLACE.DEVTM_CDM_COL_MISSING_IN_DIM (ENVIRONMENT_NAME  VARCHAR 
, CLIENT_NAME  VARCHAR 
, TABLE_NAME  VARCHAR 
, COL_MISSING_IN_DIM  VARCHAR 
);
CREATE TABLE MARKETPLACE.DEVTM_CDM_COL_MISSING_IN_H (TABLE_NAME  VARCHAR 
, ENVIRONMENT_NAME  VARCHAR 
, CLIENT_NAME  VARCHAR 
, COL_MISSING_IN_H  VARCHAR 
);
CREATE TABLE MARKETPLACE.DEVTM_CDM_SUB_COLS_NOT_SUPER (COLUMN_NAME  VARCHAR 
, CLIENT_NAME  VARCHAR 
, TABLE_NAME  VARCHAR 
);
CREATE TABLE MARKETPLACE.DEVTM_CDM_SUP_VS_SUB (SUP_DATA_TYPE  VARCHAR 
, ENVIRONMENT_NAME  VARCHAR 
, CHAR_LENGTH  NUMERIC 
, DATA_SCALE  NUMERIC 
, SUP_COLUMN_COMMENTS  VARCHAR 
, CLIENT_NAME  VARCHAR 
, SUP_CHAR_LENGTH  NUMERIC 
, SUP_NULLABLE  VARCHAR 
, COLUMN_COMMENTS  VARCHAR 
, REASON_DESC  VARCHAR 
, DATA_PRECISION  NUMERIC 
, TABLE_COMMENTS  VARCHAR 
, SUP_DATA_PRECISION  NUMERIC 
, TABLE_NAME  VARCHAR 
, DATA_TYPE  VARCHAR 
, SUP_DATA_SCALE  NUMERIC 
, SUP_TABLE_COMMENTS  VARCHAR 
, NULLABLE  VARCHAR 
, COLUMN_NAME  VARCHAR 
);
CREATE TABLE MARKETPLACE.DEVTM_CDM_TAB_COL_COMMENTS (COLUMN_COMMENTS  VARCHAR 
, ENVIRONMENT_NAME  VARCHAR 
, TABLE_COMMENTS  VARCHAR 
, TABLE_NAME  VARCHAR 
, COLUMN_NAME  VARCHAR 
, CLIENT_NAME  VARCHAR 
);
CREATE TABLE MARKETPLACE.DEVTM_CONS_DIFF_PART (DEFERRED  VARCHAR 
, RELY  VARCHAR 
, CLIENT_NAME  VARCHAR 
, SUPERSET_DEFERRABLE  VARCHAR 
, CONSTRAINT_TYPE  VARCHAR 
, SUPERSET_VALIDATED  VARCHAR 
, SUPERSET_DEFERRED  VARCHAR 
, SUPERSET_RELY  VARCHAR 
, SUPERSET_STATUS  VARCHAR 
, VALIDATED  VARCHAR 
, DEFERRABLE  VARCHAR 
, STATUS  VARCHAR 
, CONSTRAINT_NAME  VARCHAR 
, COLUMN_NAME  VARCHAR 
, SUPERSET_CONSTRAINT_TYPE  VARCHAR 
, TABLE_NAME  VARCHAR 
);
CREATE TABLE MARKETPLACE.DEVTM_FK_SUB_NOT_IN_SUPER (OWNER  VARCHAR 
, CONSTRAINT_NAME  VARCHAR 
);
CREATE TABLE MARKETPLACE.DEVTM_INDEX_DIFF_PART (INDEX_TYPE  VARCHAR 
, TABLE_NAME  VARCHAR 
, DESCEND  VARCHAR 
, INDEX_NAME  VARCHAR 
, UNIQUENESS  VARCHAR 
, SUPERSET_INI_TRANS  NUMERIC 
, SUPERSET_COMPRESSION  VARCHAR 
, TABLESPACE_NAME  VARCHAR 
, COMPRESSION  VARCHAR 
, SUPERSET_DESCEND  VARCHAR 
, SUPERSET_UNIQUENESS  VARCHAR 
, CLIENT_NAME  VARCHAR 
, COLUMN_NAME  VARCHAR 
, SUPERSET_TABLESPACE_NAME  VARCHAR 
, INI_TRANS  NUMERIC 
);
CREATE TABLE MARKETPLACE.DEVTM_MACYS_CONSTRAINTS (MACP_CONSTRAINT_NAME  VARCHAR 
, MACD_CONSTRAINT_NAME  VARCHAR 
, MACUS_T_FLAG  CHAR 
, MACD_CONSTRAINT_TYPE  VARCHAR 
, TABLE_NAME  VARCHAR 
, MACT_CONSTRAINT_TYPE  VARCHAR 
, MACUS_D_FLAG  CHAR 
, COLUMN_NAME  VARCHAR 
, MACT_CONSTRAINT_NAME  VARCHAR 
, MACP_CONSTRAINT_TYPE  VARCHAR 
, MACUS_P_FLAG  CHAR 
);
CREATE TABLE MARKETPLACE.DEVTM_TABLESPACE_DIFF_NO_PART (TABLE_NAME  VARCHAR 
, TABLESPACE_NAME  VARCHAR 
, COMPRESS_FOR  VARCHAR 
, CLIENT_NAME  VARCHAR 
, SUPERSET_COMPRESS_FOR  VARCHAR 
, SUPERSET_TABLESPACE_NAME  VARCHAR 
);
CREATE TABLE MARKETPLACE.DEVTM_TABLESPACE_DIFF_PART (COMPRESS_FOR  VARCHAR 
, CLIENT_NAME  VARCHAR 
, TABLE_NAME  VARCHAR 
, SUPERSET_TABLESPACE_NAME  VARCHAR 
, TABLESPACE_NAME  VARCHAR 
, SUPERSET_COMPRESS_FOR  VARCHAR 
);
CREATE TABLE MARKETPLACE.DEVTM_TABLESPACE_DIFF_SUBPART (SUPERSET_TABLESPACE_NAME  VARCHAR 
, SUPERSET_COMPRESS_FOR  VARCHAR 
, CLIENT_NAME  VARCHAR 
, TABLE_NAME  VARCHAR 
, TABLESPACE_NAME  VARCHAR 
, COMPRESS_FOR  VARCHAR 
);
CREATE TABLE MARKETPLACE.DIMENSION_EXCEPTIONS (STATEMENT_ID  VARCHAR 
, OWNER  VARCHAR 
, BAD_ROWID  ROWID (10) 
, DIMENSION_NAME  VARCHAR 
, RELATIONSHIP  VARCHAR 
, TABLE_NAME  VARCHAR 
);
CREATE TABLE MARKETPLACE.DM_QUERIES_TIMING_STATS_VW (PERCENT  NUMERIC 
, NUMBER_OF_QUERIES  NUMERIC 
, STATS  VARCHAR 
);
CREATE TABLE MARKETPLACE.DSG_QUERIES_TIMING_STATS_VW (STATS  VARCHAR 
, NUMBER_OF_QUERIES  NUMERIC 
, PERCENT  NUMERIC 
);
CREATE TABLE MARKETPLACE.EBA_DEMO_DA_DEPT (DNAME  VARCHAR 
, DEPTNO  NUMERIC 
, LOC  VARCHAR 
);
CREATE TABLE MARKETPLACE.EBA_DEMO_DA_EMP (MGR  NUMERIC 
, HIREDATE  DATE 
, COMM  NUMERIC 
, DEPTNO  NUMERIC 
, JOB  VARCHAR 
, ENAME  VARCHAR 
, EMPNO  NUMERIC 
, SAL  NUMERIC 
);
CREATE TABLE MARKETPLACE.EBA_DEMO_MD_DEPT (DNAME  VARCHAR 
, DEPTNO  NUMERIC 
, LOC  VARCHAR 
);
CREATE TABLE MARKETPLACE.EBA_DEMO_MD_EMP (MGR  NUMERIC 
, HIREDATE  DATE 
, COMM  NUMERIC 
, DEPTNO  NUMERIC 
, JOB  VARCHAR 
, ENAME  VARCHAR 
, EMPNO  NUMERIC 
, SAL  NUMERIC 
);
CREATE TABLE MARKETPLACE.EBA_DEMO_TF_DEPT (LOC  VARCHAR 
, DEPTNO  NUMERIC 
, DNAME  VARCHAR 
);
CREATE TABLE MARKETPLACE.EBA_DEMO_TF_EMP (HIREDATE  DATE 
, COMM  NUMERIC 
, DEPTNO  NUMERIC 
, EMPNO  NUMERIC 
, MGR  NUMERIC 
, JOB  VARCHAR 
, ENAME  VARCHAR 
, SAL  NUMERIC 
);
CREATE TABLE MARKETPLACE.EBA_DEMO_TREE_DEF_ST_CODES (PCT_COMPLETE  NUMERIC 
, STATUS_NAME  VARCHAR 
);
CREATE TABLE MARKETPLACE.EBA_DEMO_TREE_DEPT (LOC  VARCHAR 
, DEPTNO  NUMERIC 
, DNAME  VARCHAR 
);
CREATE TABLE MARKETPLACE.EBA_DEMO_TREE_EMP (JOB  VARCHAR 
, EMPNO  NUMERIC 
, COMM  NUMERIC 
, SAL  NUMERIC 
, MGR  NUMERIC 
, HIREDATE  DATE 
, DEPTNO  NUMERIC 
, ENAME  VARCHAR 
);
CREATE TABLE MARKETPLACE.EBA_DEMO_TREE_POPULATION (ROW_VERSION_NUMBER  NUMERIC 
, ID  NUMERIC 
, POPULATION  NUMERIC 
, UPDATED_BY  VARCHAR 
, UPDATED  TIMESTAMPTZ 
, CREATED_BY  VARCHAR 
, CREATED  TIMESTAMPTZ 
, REGION  NUMERIC 
, STATE_CODE  VARCHAR 
, STATE_NAME  VARCHAR 
);
CREATE TABLE MARKETPLACE.EBA_DEMO_TREE_PROJECTS (STATUS  NUMERIC 
, PROJECT_NAME  VARCHAR 
, START_DATE  DATE 
, ESTIMATED_COMPLETION  DATE 
, DESCRIPTION  TEXT 
, PROJ_ID  NUMERIC 
, CREATED  TIMESTAMPTZ 
, CREATED_BY  VARCHAR 
, COMPLETION_DATE  DATE 
, UPDATED  TIMESTAMPTZ 
, UPDATED_BY  VARCHAR 
, ROW_VERSION_NUMBER  NUMERIC 
);
CREATE TABLE MARKETPLACE.EBA_DEMO_TREE_PROJ_FILES (TAGS  VARCHAR 
, CREATED  TIMESTAMPTZ 
, CREATED_BY  VARCHAR 
, UPDATED  TIMESTAMPTZ 
, UPDATED_BY  VARCHAR 
, ID  NUMERIC 
, ROW_VERSION_NUMBER  NUMERIC 
, PROJECT_ID  NUMERIC 
, FILE_NAME  VARCHAR 
, FILE_MIMETYPE  VARCHAR 
, FILE_CHARSET  VARCHAR 
, FILE_LASTUPD  DATE 
, FILE_BLOB  BYTEA 
, FILE_COMMENTS  VARCHAR 
);
CREATE TABLE MARKETPLACE.EBA_DEMO_TREE_STOCKS (UPDATED  TIMESTAMPTZ 
, CREATED_BY  VARCHAR 
, CREATED  TIMESTAMPTZ 
, CLOSING_VAL  NUMERIC 
, LOW  NUMERIC 
, HIGH  NUMERIC 
, UPDATED_BY  VARCHAR 
, PRICING_DATE  DATE 
, STOCK_NAME  VARCHAR 
, STOCK_CODE  VARCHAR 
, ROW_VERSION_NUMBER  NUMERIC 
, ID  NUMERIC 
, OPENING_VAL  NUMERIC 
);
CREATE TABLE MARKETPLACE.EBA_DEMO_TREE_SUBTASK (UPDATED  TIMESTAMPTZ 
, UPDATED_BY  VARCHAR 
, CREATED_BY  VARCHAR 
, CREATED  TIMESTAMPTZ 
, ROW_VERSION_NUMBER  NUMERIC 
, SUB_DESC  TEXT 
, SUB_ASSIGN  VARCHAR 
, SUB_STATUS  VARCHAR 
, SUB_PRIORITY  VARCHAR 
, SUB_COMP  DATE 
, SUB_EST_COMP  DATE 
, SUB_START  DATE 
, SUB_NAME  VARCHAR 
, TASK_ID  NUMERIC 
, SUB_ID  NUMERIC 
, PROJ_ID  NUMERIC 
);
CREATE TABLE MARKETPLACE.EBA_DEMO_TREE_TASK (CREATED  TIMESTAMPTZ 
, CREATED_BY  VARCHAR 
, UPDATED  TIMESTAMPTZ 
, UPDATED_BY  VARCHAR 
, TASK_ID  NUMERIC 
, PROJ_ID  NUMERIC 
, TASK_NAME  VARCHAR 
, TASK_START  DATE 
, TASK_EST_COMP  DATE 
, TASK_COMP  DATE 
, TASK_PRIORITY  NUMERIC 
, TASK_STATUS  NUMERIC 
, TASK_ASSIGN  NUMERIC 
, TASK_DESC  TEXT 
, ROW_VERSION_NUMBER  NUMERIC 
);
CREATE TABLE MARKETPLACE.EBA_IT_ACCESS_LEVELS (ID  NUMERIC 
, ROW_VERSION  NUMERIC 
, ACCESS_LEVEL  VARCHAR 
);
CREATE TABLE MARKETPLACE.EBA_IT_CHANGE_HISTORY (COLUMN_TYPE  VARCHAR 
, OLD_VALUE  VARCHAR 
, NEW_VALUE  VARCHAR 
, CHANGED_BY  VARCHAR 
, CHANGE_DATE  TIMESTAMPTZ 
, PROJECT_ID  NUMERIC 
, ISSUE_ID  NUMERIC 
, ROW_KEY  VARCHAR 
, ACTION  VARCHAR 
, NEW_DATE_COLUMN  TIMESTAMPTZ 
, OLD_DATE_COLUMN  TIMESTAMPTZ 
, NEW_NUMBER_COLUMN  NUMERIC 
, COLUMN_NAME  VARCHAR 
, OLD_NUMBER_COLUMN  NUMERIC 
, ID  NUMERIC 
, TABLE_NAME  VARCHAR 
);
CREATE TABLE MARKETPLACE.EBA_IT_ERRORS (ERROR_BACKTRACE  VARCHAR 
, ORA_SQLERRM  VARCHAR 
, ORA_SQLCODE  NUMERIC 
, APEX_ERROR_CODE  VARCHAR 
, ROW_NUM  NUMERIC 
, COLUMN_ALIAS  VARCHAR 
, PAGE_ITEM_NAME  VARCHAR 
, REGION_ID  NUMERIC 
, MESSAGE  VARCHAR 
, IP_ADDRESS2  VARCHAR 
, IP_ADDRESS  VARCHAR 
, USER_AGENT  VARCHAR 
, APP_USER  VARCHAR 
, APP_PAGE_ID  NUMERIC 
, APP_ID  NUMERIC 
, ERR_TIME  TIMESTAMPTZ 
, ID  NUMERIC 
);
CREATE TABLE MARKETPLACE.EBA_IT_ERROR_LOOKUP (CONSTRAINT_NAME  VARCHAR 
, MESSAGE  VARCHAR 
, LANGUAGE_CODE  VARCHAR 
);
CREATE TABLE MARKETPLACE.EBA_IT_FILES (ROW_VERSION_NUMBER  NUMERIC 
, CREATED_BY  VARCHAR 
, FILENAME  VARCHAR 
, FILE_MIMETYPE  VARCHAR 
, FILE_CHARSET  VARCHAR 
, FILE_BLOB  BYTEA 
, FILE_COMMENTS  VARCHAR 
, TAGS  VARCHAR 
, CREATED  TIMESTAMPTZ 
, ID  NUMERIC 
, UPDATED  TIMESTAMPTZ 
, UPDATED_BY  VARCHAR 
, ISSUE_ID  NUMERIC 
);
CREATE TABLE MARKETPLACE.EBA_IT_HELP_PAGE (ID  NUMERIC 
, ROW_VERSION_NUMBER  NUMERIC 
, LANGUAGE_CODE  VARCHAR 
, APPLICATION_NAME  VARCHAR 
, SHOW_ICON  VARCHAR 
, SPRITE  VARCHAR 
, ALTERNATIVE_IMAGE  VARCHAR 
, SHOW_APP_VERSION_YN  VARCHAR 
, SHOW_PAGE_COUNT_YN  VARCHAR 
, USE_APP_TITLE_YN  VARCHAR 
, SUPPORT_LINK  VARCHAR 
, SUPPORT_LINK_TEXT  VARCHAR 
, ADDITIONAL_HELP_LINK  VARCHAR 
, VENDOR  VARCHAR 
, TWITTER  VARCHAR 
, FACEBOOK  VARCHAR 
, LINKEDIN  VARCHAR 
, WEBSITE  VARCHAR 
, ATTR_LABEL_01  VARCHAR 
, ATTR_VALUE_01  VARCHAR 
, ATTR_LABEL_02  VARCHAR 
, ATTR_VALUE_02  VARCHAR 
, ATTR_LABEL_03  VARCHAR 
, ATTR_VALUE_03  VARCHAR 
, ATTR_LABEL_04  VARCHAR 
, ATTR_VALUE_04  VARCHAR 
, ATTR_LABEL_05  VARCHAR 
, ATTR_VALUE_05  VARCHAR 
, ATTR_LABEL_06  VARCHAR 
, ATTR_VALUE_06  VARCHAR 
, ATTR_LABEL_07  VARCHAR 
, ATTR_VALUE_07  VARCHAR 
, ATTR_LABEL_08  VARCHAR 
, ATTR_VALUE_08  VARCHAR 
, ABOUT_APP  TEXT 
, GETTING_STARTED  TEXT 
, QUICK_START  TEXT 
, SUPPORT  TEXT 
, PUBLIC_HELP  TEXT 
, FEATURES  TEXT 
, CREATED  TIMESTAMPTZ 
, CREATED_BY  VARCHAR 
, UPDATED  TIMESTAMPTZ 
, UPDATED_BY  VARCHAR 
);
CREATE TABLE MARKETPLACE.EBA_IT_ISSUES (IDENTIFIED_DATE  TIMESTAMPTZ 
, IDENTIFIED_BY_PERSON_ID  NUMERIC 
, ASSIGNED_TO_PERSON  VARCHAR 
, ASSIGNED_TO_PERSON_ID  NUMERIC 
, STATUS  VARCHAR 
, PRIORITY  VARCHAR 
, TARGET_RESOLUTION_DATE  TIMESTAMPTZ 
, PROGRESS  VARCHAR 
, ACTUAL_RESOLUTION_DATE  TIMESTAMPTZ 
, RESOLUTION_SUMMARY  VARCHAR 
, TAGS  VARCHAR 
, CREATED_ON  TIMESTAMPTZ 
, CREATED_BY  VARCHAR 
, UPDATED_ON  TIMESTAMPTZ 
, UPDATED_BY  VARCHAR 
, ISSUE_ID  NUMERIC 
, ROW_KEY  VARCHAR 
, ISSUE_SUMMARY  VARCHAR 
, ISSUE_DESCRIPTION  VARCHAR 
, IDENTIFIED_BY_PERSON  VARCHAR 
, RELATED_PROJECT_ID  NUMERIC 
);
CREATE TABLE MARKETPLACE.EBA_IT_LINKS (ID  NUMERIC 
, ROW_VERSION_NUMBER  NUMERIC 
, UPDATED_BY  VARCHAR 
, UPDATED  TIMESTAMPTZ 
, CREATED_BY  VARCHAR 
, CREATED  TIMESTAMPTZ 
, TAGS  VARCHAR 
, LINK_COMMENTS  VARCHAR 
, LINK_TEXT  VARCHAR 
, ISSUE_ID  NUMERIC 
, LINK_TARGET  VARCHAR 
);
CREATE TABLE MARKETPLACE.EBA_IT_LOAD_ERROR_LOG (ERROR_TEXT  VARCHAR 
, LOG_USER  VARCHAR 
, LOG_DATE  TIMESTAMPTZ 
, SESSION_ID  VARCHAR 
, LOG_ID  NUMERIC 
, NAME  VARCHAR 
, CONTEXT  VARCHAR 
, LINE_NUMBER  NUMERIC 
);
CREATE TABLE MARKETPLACE.EBA_IT_NOTES (UPDATED_ON  TIMESTAMPTZ 
, CREATED_BY  VARCHAR 
, CREATED_ON  TIMESTAMPTZ 
, NOTE  VARCHAR 
, COMPONENT_ID  NUMERIC 
, NOTE_TYPE  VARCHAR 
, NOTE_ID  NUMERIC 
, UPDATED_BY  VARCHAR 
);
CREATE TABLE MARKETPLACE.EBA_IT_NOTIFICATIONS (CREATED  TIMESTAMPTZ 
, UPDATED_BY  VARCHAR 
, UPDATED  TIMESTAMPTZ 
, CREATED_BY  VARCHAR 
, DISPLAY_UNTIL  TIMESTAMPTZ 
, DISPLAY_FROM  TIMESTAMPTZ 
, DISPLAY_SEQUENCE  NUMERIC 
, NOTIFICATION_TYPE  VARCHAR 
, NOTIFICATION_DESCRIPTION  VARCHAR 
, NOTIFICATION_NAME  VARCHAR 
, ID  NUMERIC 
, ROW_VERSION_NUMBER  NUMERIC 
);
CREATE TABLE MARKETPLACE.EBA_IT_OFFLINE_UPDATES (UPDATE_ID  NUMERIC 
, CONTENT  BYTEA 
, CONTENT_FILENAME  VARCHAR 
, MIME_TYPE  VARCHAR 
, CONTENT_CHARSET  VARCHAR 
, UPDATED_BY  VARCHAR 
, UPDATE_STATUS  VARCHAR 
, INSTRUCTIONS  VARCHAR 
, CREATED_ON  TIMESTAMPTZ 
, CREATED_BY  VARCHAR 
, UPDATED_ON  TIMESTAMPTZ 
, CONTENT_LAST_UPDATE  TIMESTAMPTZ 
);
CREATE TABLE MARKETPLACE.EBA_IT_PEOPLE (CREATED_BY  VARCHAR 
, CREATED_ON  TIMESTAMPTZ 
, PROJECT_ID  NUMERIC 
, USERNAME  VARCHAR 
, UPDATED_BY  VARCHAR 
, PERSON_EMAIL  VARCHAR 
, PERSON_NAME  VARCHAR 
, PERSON_ID  NUMERIC 
, UPDATED_ON  TIMESTAMPTZ 
, PERSON_ROLE  VARCHAR 
);
CREATE TABLE MARKETPLACE.EBA_IT_PREFERENCES (PREFERENCE_NAME  VARCHAR 
, UPDATED_ON  TIMESTAMPTZ 
, UPDATED_BY  VARCHAR 
, CREATED_ON  TIMESTAMPTZ 
, CREATED_BY  VARCHAR 
, PREFERENCE_VALUE  VARCHAR 
, ID  NUMERIC 
);
CREATE TABLE MARKETPLACE.EBA_IT_PROJECTS (CREATED_ON  TIMESTAMPTZ 
, CREATED_BY  VARCHAR 
, UPDATED_ON  TIMESTAMPTZ 
, START_DATE  TIMESTAMPTZ 
, TARGET_END_DATE  TIMESTAMPTZ 
, PROJECT_ID  NUMERIC 
, TAGS  VARCHAR 
, PROJECT_NAME  VARCHAR 
, ACTUAL_END_DATE  TIMESTAMPTZ 
, UPDATED_BY  VARCHAR 
, ROW_KEY  VARCHAR 
, PROJECT_DESCRIPTION  VARCHAR 
);
CREATE TABLE MARKETPLACE.EBA_IT_PROJ_FILES (UPDATED_BY  VARCHAR 
, UPDATED  TIMESTAMPTZ 
, CREATED_BY  VARCHAR 
, CREATED  TIMESTAMPTZ 
, TAGS  VARCHAR 
, FILE_COMMENTS  VARCHAR 
, FILE_BLOB  BYTEA 
, FILE_CHARSET  VARCHAR 
, FILE_MIMETYPE  VARCHAR 
, FILENAME  VARCHAR 
, PROJECT_ID  NUMERIC 
, ID  NUMERIC 
, ROW_VERSION_NUMBER  NUMERIC 
);
CREATE TABLE MARKETPLACE.EBA_IT_PROJ_LINKS (ID  NUMERIC 
, ROW_VERSION_NUMBER  NUMERIC 
, UPDATED_BY  VARCHAR 
, UPDATED  TIMESTAMPTZ 
, CREATED_BY  VARCHAR 
, CREATED  TIMESTAMPTZ 
, TAGS  VARCHAR 
, LINK_COMMENTS  VARCHAR 
, LINK_TEXT  VARCHAR 
, PROJECT_ID  NUMERIC 
, LINK_TARGET  VARCHAR 
);
CREATE TABLE MARKETPLACE.EBA_IT_PROJ_NOTES (CREATED_ON  TIMESTAMPTZ 
, NOTE  VARCHAR 
, COMPONENT_ID  NUMERIC 
, NOTE_TYPE  VARCHAR 
, NOTE_ID  NUMERIC 
, UPDATED_ON  TIMESTAMPTZ 
, CREATED_BY  VARCHAR 
, UPDATED_BY  VARCHAR 
);
CREATE TABLE MARKETPLACE.EBA_IT_TAGS (ID  NUMERIC 
, TAG  VARCHAR 
, CONTENT_ID  NUMERIC 
, CONTENT_TYPE  VARCHAR 
, CREATED  TIMESTAMPTZ 
, CREATED_BY  VARCHAR 
, UPDATED  TIMESTAMPTZ 
, UPDATED_BY  VARCHAR 
);
CREATE TABLE MARKETPLACE.EBA_IT_TAGS_SUM (TAG_COUNT  NUMERIC 
, TAG  VARCHAR 
);
CREATE TABLE MARKETPLACE.EBA_IT_TAGS_TYPE_SUM (TAG_COUNT  NUMERIC 
, CONTENT_TYPE  VARCHAR 
, TAG  VARCHAR 
);
CREATE TABLE MARKETPLACE.EBA_IT_TZ_PREF (CREATED  TIMESTAMPTZ 
, TIMEZONE_PREFERENCE  VARCHAR 
, USERID  VARCHAR 
, ROW_VERSION_NUMBER  NUMERIC 
, ID  NUMERIC 
, CREATED_BY  VARCHAR 
, UPDATED_BY  VARCHAR 
, UPDATED  TIMESTAMPTZ 
);
CREATE TABLE MARKETPLACE.EBA_IT_USERS (ID  NUMERIC 
, USERNAME  VARCHAR 
, ACCESS_LEVEL_ID  NUMERIC 
, ACCOUNT_LOCKED  VARCHAR 
, UPDATED  TIMESTAMPTZ 
, CREATED_BY  VARCHAR 
, UPDATED_BY  VARCHAR 
, CREATED  TIMESTAMPTZ 
, ROW_VERSION  NUMERIC 
);
CREATE TABLE MARKETPLACE.HTMLDB_PLAN_TABLE (STATEMENT_ID  VARCHAR 
, OTHER  TEXT 
, TIMESTAMP  DATE 
, REMARKS  VARCHAR 
, OPERATION  VARCHAR 
, OPTIONS  VARCHAR 
, OBJECT_NODE  VARCHAR 
, OBJECT_OWNER  VARCHAR 
, OBJECT_NAME  VARCHAR 
, OBJECT_ALIAS  VARCHAR 
, OBJECT_INSTANCE  NUMERIC 
, OBJECT_TYPE  VARCHAR 
, OPTIMIZER  VARCHAR 
, SEARCH_COLUMNS  NUMERIC 
, ID  NUMERIC 
, PARENT_ID  NUMERIC 
, DEPTH  NUMERIC 
, POSITION  NUMERIC 
, COST  NUMERIC 
, CARDINALITY  NUMERIC 
, BYTES  NUMERIC 
, OTHER_TAG  VARCHAR 
, PARTITION_START  VARCHAR 
, PARTITION_STOP  VARCHAR 
, PARTITION_ID  NUMERIC 
, DISTRIBUTION  VARCHAR 
, CPU_COST  NUMERIC 
, IO_COST  NUMERIC 
, TEMP_SPACE  NUMERIC 
, ACCESS_PREDICATES  VARCHAR 
, FILTER_PREDICATES  VARCHAR 
, PROJECTION  VARCHAR 
, TIME  NUMERIC 
, QBLOCK_NAME  VARCHAR 
, PLAN_ID  NUMERIC 
);
CREATE TABLE MARKETPLACE.JOB_LOG (TS  TIMESTAMPTZ 
, MESSAGE  VARCHAR 
, JOB_NAME  VARCHAR 
);
CREATE TABLE MARKETPLACE.META_CNT (CLIENT_EXT_NAME  VARCHAR 
, TABLE_NAME  VARCHAR 
, COUNTER  NUMERIC 
, IMPACT_FLAG  CHAR 
, TOTAL_SIZE_GB  NUMERIC 
, ENVIRONMENT_ID  NUMERIC 
, ENVIRONMENT_NAME  VARCHAR 
, CLIENT_NAME  VARCHAR 
, TABLE_SIZE_GB  NUMERIC 
, CLIENT_ID  NUMERIC 
);
CREATE TABLE MARKETPLACE.META_COLUMN_CLIENT_DESC (CLIENT_ID  NUMERIC 
, ISERVICE_TICKET_NO  VARCHAR 
, CLIENT_COLUMN_DESC  VARCHAR 
, COLUMN_NAME  VARCHAR 
, TABLE_NAME  VARCHAR 
);
CREATE TABLE MARKETPLACE.META_COL_INFO_CROSS (TESIE_T_FLAG  CHAR 
, TESKR_D_FLAG  CHAR 
, TESKR_P_FLAG  CHAR 
, TESKR_T_FLAG  CHAR 
, TESMY_D_FLAG  CHAR 
, TESMY_P_FLAG  CHAR 
, TESMY_T_FLAG  CHAR 
, TESPL_D_FLAG  CHAR 
, TESPL_P_FLAG  CHAR 
, TESPL_T_FLAG  CHAR 
, TESSK_D_FLAG  CHAR 
, TESSK_P_FLAG  CHAR 
, TESSK_T_FLAG  CHAR 
, TESTH_D_FLAG  CHAR 
, TESTH_P_FLAG  CHAR 
, TESTH_T_FLAG  CHAR 
, TESTR_D_FLAG  CHAR 
, TESTR_P_FLAG  CHAR 
, TESTR_T_FLAG  CHAR 
, TESUK_D_FLAG  CHAR 
, TESUK_GD_FLAG  CHAR 
, TESUK_GT_FLAG  CHAR 
, TESUK_P_FLAG  CHAR 
, TESUK_T_FLAG  CHAR 
, LAST_RUN  DATE 
, TABLE_COMMENTS  VARCHAR 
, COLUMN_COMMENTS  VARCHAR 
, TABLE_NAME  VARCHAR 
, COLUMN_NAME  VARCHAR 
, SUPSET_P_FLAG  CHAR 
, KPHRM_P_FLAG  CHAR 
, CANTI_D_FLAG  CHAR 
, CANTI_P_FLAG  CHAR 
, CDM_LITE_D_FLAG  CHAR 
, COOP_D_FLAG  CHAR 
, COOP_P_FLAG  CHAR 
, COOP_T_FLAG  CHAR 
, EXTCO_D_FLAG  CHAR 
, EXTCO_P_FLAG  CHAR 
, EXTCO_T_FLAG  CHAR 
, GPABR_D_FLAG  CHAR 
, GPABR_P_FLAG  CHAR 
, GPABR_T_FLAG  CHAR 
, KROUS_D_FLAG  CHAR 
, KROUS_P_FLAG  CHAR 
, KROUS_S_FLAG  CHAR 
, KROUS_T_FLAG  CHAR 
, MACUS_D_FLAG  CHAR 
, MACUS_P_FLAG  CHAR 
, MACUS_S_FLAG  CHAR 
, MACUS_T_FLAG  CHAR 
, METCA_D_FLAG  CHAR 
, METCA_P_FLAG  CHAR 
, METCA_T_FLAG  CHAR 
, MONFR_D_FLAG  CHAR 
, MONFR_P_FLAG  CHAR 
, MONFR_T_FLAG  CHAR 
, PAMIT_D_FLAG  CHAR 
, PAMIT_P_FLAG  CHAR 
, PMTIT_D_FLAG  CHAR 
, PMTIT_P_FLAG  CHAR 
, RAIA_DROGASIL_D_FLAG  CHAR 
, RAIA_DROGASIL_P_FLAG  CHAR 
, RAIA_DROGASIL_T_FLAG  CHAR 
, SHOPRITE_D_FLAG  CHAR 
, SHOPRITE_P_FLAG  CHAR 
, SHOPRITE_T_FLAG  CHAR 
, TESCN_D_FLAG  CHAR 
, TESCN_P_FLAG  CHAR 
, TESCN_T_FLAG  CHAR 
, TESCZ_D_FLAG  CHAR 
, TESCZ_P_FLAG  CHAR 
, TESCZ_T_FLAG  CHAR 
, TESHU_D_FLAG  CHAR 
, TESHU_P_FLAG  CHAR 
, TESHU_T_FLAG  CHAR 
, TESIE_D_FLAG  CHAR 
, TESIE_P_FLAG  CHAR 
);
CREATE TABLE MARKETPLACE.META_COL_INFO_CROSS_BACKUP (TESUK_T_FLAG  CHAR 
, CDM_LITE_D_FLAG  CHAR 
, METCA_T_FLAG  CHAR 
, RAIA_DROGASIL_P_FLAG  CHAR 
, RAIA_DROGASIL_D_FLAG  CHAR 
, RAIA_DROGASIL_T_FLAG  CHAR 
, MACUS_S_FLAG  CHAR 
, SHOPRITE_D_FLAG  CHAR 
, SHOPRITE_T_FLAG  CHAR 
, LAST_RUN  DATE 
, TABLE_COMMENTS  VARCHAR 
, COLUMN_COMMENTS  VARCHAR 
, TABLE_NAME  VARCHAR 
, COLUMN_NAME  VARCHAR 
, SUPSET_P_FLAG  CHAR 
, KPHRM_P_FLAG  CHAR 
, CANTI_D_FLAG  CHAR 
, CANTI_P_FLAG  CHAR 
, COOP_P_FLAG  CHAR 
, EXTCO_P_FLAG  CHAR 
, GPABR_P_FLAG  CHAR 
, METCA_D_FLAG  CHAR 
, TESUK_GT_FLAG  CHAR 
, KROUS_D_FLAG  CHAR 
, KROUS_P_FLAG  CHAR 
, KROUS_S_FLAG  CHAR 
, TESTR_P_FLAG  CHAR 
, TESUK_D_FLAG  CHAR 
, TESUK_GD_FLAG  CHAR 
, TESUK_P_FLAG  CHAR 
, KROUS_T_FLAG  CHAR 
, MACUS_D_FLAG  CHAR 
, MACUS_P_FLAG  CHAR 
, MACUS_T_FLAG  CHAR 
, TESCN_T_FLAG  CHAR 
, TESCZ_T_FLAG  CHAR 
, TESHU_T_FLAG  CHAR 
, TESIE_T_FLAG  CHAR 
, TESKR_T_FLAG  CHAR 
, TESMY_T_FLAG  CHAR 
, TESPL_T_FLAG  CHAR 
, TESSK_T_FLAG  CHAR 
, TESTH_T_FLAG  CHAR 
, TESTR_T_FLAG  CHAR 
, COOP_D_FLAG  CHAR 
, COOP_T_FLAG  CHAR 
, EXTCO_D_FLAG  CHAR 
, EXTCO_T_FLAG  CHAR 
, GPABR_D_FLAG  CHAR 
, GPABR_T_FLAG  CHAR 
, MONFR_D_FLAG  CHAR 
, MONFR_T_FLAG  CHAR 
, PAMIT_D_FLAG  CHAR 
, PMTIT_D_FLAG  CHAR 
, TESCZ_D_FLAG  CHAR 
, TESHU_D_FLAG  CHAR 
, TESSK_D_FLAG  CHAR 
, TESTR_D_FLAG  CHAR 
, METCA_P_FLAG  CHAR 
, MONFR_P_FLAG  CHAR 
, PAMIT_P_FLAG  CHAR 
, PMTIT_P_FLAG  CHAR 
, TESCN_D_FLAG  CHAR 
, TESCN_P_FLAG  CHAR 
, TESCZ_P_FLAG  CHAR 
, TESHU_P_FLAG  CHAR 
, TESIE_D_FLAG  CHAR 
, TESIE_P_FLAG  CHAR 
, TESKR_D_FLAG  CHAR 
, TESKR_P_FLAG  CHAR 
, TESMY_D_FLAG  CHAR 
, TESMY_P_FLAG  CHAR 
, TESPL_D_FLAG  CHAR 
, TESPL_P_FLAG  CHAR 
, TESSK_P_FLAG  CHAR 
, TESTH_D_FLAG  CHAR 
, TESTH_P_FLAG  CHAR 
);
CREATE TABLE MARKETPLACE.META_COL_INFO_CROSS_OLD (KROUS_P_FLAG  CHAR 
, KROUS_S_FLAG  CHAR 
, KROUS_T_FLAG  CHAR 
, MACUS_D_FLAG  CHAR 
, MACUS_P_FLAG  CHAR 
, MACUS_T_FLAG  CHAR 
, TESCN_T_FLAG  CHAR 
, TESCZ_T_FLAG  CHAR 
, TESHU_T_FLAG  CHAR 
, TESIE_T_FLAG  CHAR 
, TESKR_T_FLAG  CHAR 
, TESMY_T_FLAG  CHAR 
, TESPL_T_FLAG  CHAR 
, TESSK_T_FLAG  CHAR 
, TESTH_T_FLAG  CHAR 
, TESTR_T_FLAG  CHAR 
, COOP_D_FLAG  CHAR 
, COOP_T_FLAG  CHAR 
, EXTCO_D_FLAG  CHAR 
, EXTCO_T_FLAG  CHAR 
, GPABR_D_FLAG  CHAR 
, GPABR_T_FLAG  CHAR 
, MONFR_D_FLAG  CHAR 
, MONFR_T_FLAG  CHAR 
, PAMIT_D_FLAG  CHAR 
, PMTIT_D_FLAG  CHAR 
, TESCZ_D_FLAG  CHAR 
, TESHU_D_FLAG  CHAR 
, TESSK_D_FLAG  CHAR 
, TESTR_D_FLAG  CHAR 
, TESUK_T_FLAG  CHAR 
, CDM_LITE_D_FLAG  CHAR 
, METCA_T_FLAG  CHAR 
, RAIA_DROGASIL_P_FLAG  CHAR 
, RAIA_DROGASIL_D_FLAG  CHAR 
, RAIA_DROGASIL_T_FLAG  CHAR 
, MACUS_S_FLAG  CHAR 
, SHOPRITE_D_FLAG  CHAR 
, SHOPRITE_T_FLAG  CHAR 
, LAST_RUN  DATE 
, TABLE_COMMENTS  VARCHAR 
, COLUMN_COMMENTS  VARCHAR 
, TABLE_NAME  VARCHAR 
, COLUMN_NAME  VARCHAR 
, SUPSET_P_FLAG  CHAR 
, KPHRM_P_FLAG  CHAR 
, CANTI_D_FLAG  CHAR 
, CANTI_P_FLAG  CHAR 
, COOP_P_FLAG  CHAR 
, EXTCO_P_FLAG  CHAR 
, GPABR_P_FLAG  CHAR 
, METCA_D_FLAG  CHAR 
, METCA_P_FLAG  CHAR 
, MONFR_P_FLAG  CHAR 
, PAMIT_P_FLAG  CHAR 
, PMTIT_P_FLAG  CHAR 
, TESCN_D_FLAG  CHAR 
, TESCN_P_FLAG  CHAR 
, TESCZ_P_FLAG  CHAR 
, TESHU_P_FLAG  CHAR 
, TESIE_D_FLAG  CHAR 
, TESIE_P_FLAG  CHAR 
, TESKR_D_FLAG  CHAR 
, TESKR_P_FLAG  CHAR 
, TESMY_D_FLAG  CHAR 
, TESMY_P_FLAG  CHAR 
, TESPL_D_FLAG  CHAR 
, TESPL_P_FLAG  CHAR 
, TESSK_P_FLAG  CHAR 
, TESTH_D_FLAG  CHAR 
, TESTH_P_FLAG  CHAR 
, TESTR_P_FLAG  CHAR 
, TESUK_D_FLAG  CHAR 
, TESUK_GD_FLAG  CHAR 
, TESUK_P_FLAG  CHAR 
, TESUK_GT_FLAG  CHAR 
, KROUS_D_FLAG  CHAR 
);
CREATE TABLE MARKETPLACE.META_COL_INFO_CROSS_ROLLUP (TESPL_P_FLAG  VARCHAR 
, PMTIT_P_FLAG  VARCHAR 
, KROUS_P_FLAG  VARCHAR 
, TESMY_D_FLAG  VARCHAR 
, MONFR_P_FLAG  VARCHAR 
, GPABR_P_FLAG  VARCHAR 
, TESTR_D_FLAG  VARCHAR 
, PMTIT_D_FLAG  VARCHAR 
, TESMY_P_FLAG  VARCHAR 
, TESUK_P_FLAG  VARCHAR 
, TESCZ_T_FLAG  VARCHAR 
, METCA_T_FLAG  VARCHAR 
, TESHU_D_FLAG  VARCHAR 
, TESKR_T_FLAG  VARCHAR 
, TESCZ_P_FLAG  VARCHAR 
, EXTCO_P_FLAG  VARCHAR 
, EXTCO_T_FLAG  VARCHAR 
, MACUS_T_FLAG  VARCHAR 
, TESUK_D_FLAG  VARCHAR 
, MACUS_S_FLAG  VARCHAR 
, COOP_P_FLAG  VARCHAR 
, TESCN_D_FLAG  VARCHAR 
, TESUK_GD_FLAG  VARCHAR 
, TESIE_D_FLAG  VARCHAR 
, RAIA_DROGASIL_P_FLAG  VARCHAR 
, METCA_D_FLAG  VARCHAR 
, TESCN_T_FLAG  VARCHAR 
, TESCZ_D_FLAG  VARCHAR 
, TESPL_D_FLAG  VARCHAR 
, TESMY_T_FLAG  VARCHAR 
, KROUS_S_FLAG  VARCHAR 
, TESUK_T_FLAG  VARCHAR 
, KPHRM_P_FLAG  VARCHAR 
, TABLE_NAME  VARCHAR 
, PAMIT_D_FLAG  VARCHAR 
, TESTR_T_FLAG  VARCHAR 
, MACUS_D_FLAG  VARCHAR 
, TESSK_T_FLAG  VARCHAR 
, COOP_D_FLAG  VARCHAR 
, TESSK_P_FLAG  VARCHAR 
, TESTH_D_FLAG  VARCHAR 
, TESUK_GT_FLAG  VARCHAR 
, CDM_LITE_D_FLAG  VARCHAR 
, CANTI_P_FLAG  VARCHAR 
, PAMIT_P_FLAG  VARCHAR 
, RAIA_DROGASIL_D_FLAG  VARCHAR 
, TESTH_P_FLAG  VARCHAR 
, TESHU_P_FLAG  VARCHAR 
, SHOPRITE_D_FLAG  VARCHAR 
, TESKR_P_FLAG  VARCHAR 
, TESTH_T_FLAG  VARCHAR 
, EXTCO_D_FLAG  VARCHAR 
, GPABR_D_FLAG  VARCHAR 
, TESTR_P_FLAG  VARCHAR 
, SUPSET_P_FLAG  VARCHAR 
, TESKR_D_FLAG  VARCHAR 
, KROUS_T_FLAG  VARCHAR 
, SHOPRITE_P_FLAG  VARCHAR 
, TESHU_T_FLAG  VARCHAR 
, METCA_P_FLAG  VARCHAR 
, TESIE_T_FLAG  VARCHAR 
, MACUS_P_FLAG  VARCHAR 
, RAIA_DROGASIL_T_FLAG  VARCHAR 
, SHOPRITE_T_FLAG  VARCHAR 
, COOP_T_FLAG  VARCHAR 
, MONFR_T_FLAG  VARCHAR 
, CANTI_D_FLAG  VARCHAR 
, MONFR_D_FLAG  VARCHAR 
, GPABR_T_FLAG  VARCHAR 
, TESPL_T_FLAG  VARCHAR 
, TESIE_P_FLAG  VARCHAR 
, TESCN_P_FLAG  VARCHAR 
, KROUS_D_FLAG  VARCHAR 
, TESSK_D_FLAG  VARCHAR 
);
CREATE TABLE MARKETPLACE.META_CUST_SPECIFIC_CHANGE (TICKET_NO  VARCHAR 
, UPDATE_BY  VARCHAR 
, ENVIRONMENT_ID  NUMERIC 
, DATABASE_NAME  VARCHAR 
, SCHEMA_NAME  VARCHAR 
, CHANGE_DETAIL  VARCHAR 
, REASON_FOR_CHANGE  VARCHAR 
, CHANGE_SCRIPT  TEXT 
, CHANGE_SCRIPT_COMMENT  VARCHAR 
, OTHER_RUN_SCRIPT  VARCHAR 
, STATUS  VARCHAR 
, FILE_STORE_LINK  VARCHAR 
, ERWIN_ACTIVE_FLAG  VARCHAR 
, ERWIN_CHANGE_DETAIL  VARCHAR 
, INSERT_DATE  TIMESTAMPTZ 
, INSERT_BY  VARCHAR 
, UPDATE_DATE  TIMESTAMPTZ 
, CLIENT_ID  NUMERIC 
);
CREATE TABLE MARKETPLACE.META_DEPRECATE_COLUMN (PK_FLAG  VARCHAR 
, COLUMN_NAME  VARCHAR 
, TABLE_NAME  VARCHAR 
, DEPRECATE_FINAL_DATE  DATE 
, DEPRECATE_DECIDE_DATE  DATE 
, DEPRECATE_REASON_DESC  VARCHAR 
, NULLABLE  VARCHAR 
, VERSION  VARCHAR 
, PARENT_COLUMN_NAME  VARCHAR 
, DH_DOMAIN  VARCHAR 
, DATA_TYPE  VARCHAR 
, COL_COMMENT  VARCHAR 
, COL_ORDER  NUMERIC 
);
CREATE TABLE MARKETPLACE.META_DEPRECATE_COLUMN_TEMP (DEPRECATE_FINAL_DATE  DATE 
, TABLE_NAME  VARCHAR 
, COLUMN_NAME  VARCHAR 
, PK_FLAG  VARCHAR 
, DEPRECATE_REASON_DESC  VARCHAR 
, DH_DOMAIN  VARCHAR 
, DATA_TYPE  VARCHAR 
, NULLABLE  VARCHAR 
, COL_COMMENT  VARCHAR 
, COL_ORDER  NUMERIC 
, VERSION  VARCHAR 
, PARENT_COLUMN_NAME  VARCHAR 
, DEPRECATE_DECIDE_DATE  DATE 
);
CREATE TABLE MARKETPLACE.META_DEPRECATE_TABLE (DEPRECATE_FINAL_DATE  DATE 
, TABLE_NAME  VARCHAR 
, TAB_COMMENT  VARCHAR 
, DEPRECATE_REASON_DESC  VARCHAR 
, DEPRECATE_DECIDE_DATE  DATE 
);
CREATE TABLE MARKETPLACE.META_DICTIONARY (DATA_SCALE  NUMERIC 
, DATA_PRECISION  NUMERIC 
, DATA_TYPE  VARCHAR 
, CLIENT_COLUMN_COMMENTS  VARCHAR 
, COLUMN_COMMENTS  VARCHAR 
, COLUMN_ID  NUMERIC 
, CLIENT_COLUMN_NAME  VARCHAR 
, COLUMN_NAME  VARCHAR 
, CLIENT_TABLE_COMMENTS  VARCHAR 
, PK_FLAG  VARCHAR 
, DEPRECATED_FLAG  CHAR 
, LAST_UPDATE  TIMESTAMPTZ 
, NULLABLE  VARCHAR 
, TABLE_COMMENTS  VARCHAR 
, CLIENT_TABLE_NAME  VARCHAR 
, TABLE_NAME  VARCHAR 
, ENVIRONMENT_NAME  VARCHAR 
, ENVIRONMENT_ID  NUMERIC 
, CLIENT_NAME  VARCHAR 
, CLIENT_ID  NUMERIC 
, CHAR_LENGTH  NUMERIC 
);
CREATE TABLE MARKETPLACE.META_DICTIONARY_OLD (CLIENT_TABLE_NAME  VARCHAR 
, TABLE_COMMENTS  VARCHAR 
, CLIENT_TABLE_COMMENTS  VARCHAR 
, COLUMN_NAME  VARCHAR 
, CLIENT_COLUMN_NAME  VARCHAR 
, COLUMN_ID  NUMERIC 
, COLUMN_COMMENTS  VARCHAR 
, CLIENT_COLUMN_COMMENTS  VARCHAR 
, DATA_TYPE  VARCHAR 
, DATA_PRECISION  NUMERIC 
, DATA_SCALE  NUMERIC 
, NULLABLE  VARCHAR 
, CHAR_LENGTH  NUMERIC 
, LAST_UPDATE  TIMESTAMPTZ 
, DEPRECATED_FLAG  CHAR 
, PK_FLAG  VARCHAR 
, CLIENT_ID  NUMERIC 
, CLIENT_NAME  VARCHAR 
, ENVIRONMENT_ID  NUMERIC 
, ENVIRONMENT_NAME  VARCHAR 
, TABLE_NAME  VARCHAR 
);
CREATE TABLE MARKETPLACE.META_DOMAINS (NAME  VARCHAR 
, NULLABLE  VARCHAR 
, DATA_TYPE  VARCHAR 
);
CREATE TABLE MARKETPLACE.META_METRICS (CLIENT_NAME  VARCHAR 
, COLUMNS_DEV  VARCHAR 
, UPDATED_FLAG  VARCHAR 
, TABLES_PROD  VARCHAR 
, CLIENT_CODE  VARCHAR 
, CLIENT_ORDER  NUMERIC 
, LAST_UPDATE  DATE 
, RELEASE  VARCHAR 
, TABLES_DEV  VARCHAR 
, COLUMNS_PROD  VARCHAR 
);
CREATE TABLE MARKETPLACE.META_METRICS_BACKUP (CLIENT_NAME  VARCHAR 
, TABLES_PROD  VARCHAR 
, CLIENT_CODE  VARCHAR 
, CLIENT_ORDER  NUMERIC 
, UPDATED_FLAG  VARCHAR 
, RELEASE  VARCHAR 
, TABLES_DEV  VARCHAR 
, COLUMNS_PROD  VARCHAR 
, COLUMNS_DEV  VARCHAR 
, LAST_UPDATE  DATE 
);
CREATE TABLE MARKETPLACE.META_SOURCE_TARGET_MAP (SOURCE_TABLE_PHASE_DESC  VARCHAR 
, SOURCE_TABLE_PHASE_MEMO  VARCHAR 
, SOURCE_TABLE_PHASE_SORT_ORDER  NUMERIC 
, SOURCE_TABLE_SCHEMA_ID  NUMERIC 
, SOURCE_TABLE_SCHEMA_NAME  VARCHAR 
, SOURCE_TABLE_SCHEMA_MEMO  VARCHAR 
, SOURCE_TABLE_TYPE_ID  NUMERIC 
, SOURCE_TABLE_TYPE_DESC  VARCHAR 
, SOURCE_TABLE_TYPE_MEMO  VARCHAR 
, SOURCE_FULL_TABLE_NAME  VARCHAR 
, TARGET_COLUMN_ID  NUMERIC 
, TARGET_COLUMN_NAME  VARCHAR 
, TARGET_COLUMN_TYPE_ID  NUMERIC 
, TARGET_COLUMN_TYPE_DESC  VARCHAR 
, TARGET_COLUMN_TYPE_MEMO  VARCHAR 
, TARGET_SANITIZED_COLUMN_NAME  VARCHAR 
, TARGET_COLUMN_POSITION_NUM  NUMERIC 
, TARGET_TABLE_ID  NUMERIC 
, TARGET_TABLE_NAME  VARCHAR 
, TARGET_DOMAIN_ID  NUMERIC 
, TARGET_TABLE_PHASE_DESC  VARCHAR 
, TARGET_TABLE_PHASE_MEMO  VARCHAR 
, TARGET_TABLE_PHASE_SORT_ORDER  NUMERIC 
, TARGET_TABLE_SCHEMA_ID  NUMERIC 
, TARGET_TABLE_SCHEMA_NAME  VARCHAR 
, TARGET_TABLE_SCHEMA_MEMO  VARCHAR 
, TARGET_TABLE_TYPE_ID  NUMERIC 
, TARGET_TABLE_TYPE_DESC  VARCHAR 
, TARGET_TABLE_TYPE_MEMO  VARCHAR 
, TARGET_FULL_TABLE_NAME  VARCHAR 
, MEMO  VARCHAR 
, CREATED_DTTM  DATE 
, CREATED_BY  VARCHAR 
, MODIFIED_DTTM  DATE 
, MODIFIED_BY  VARCHAR 
, TARGET_DOMAIN_DESC  VARCHAR 
, TARGET_DBMS_DATA_TYPE_ID  NUMERIC 
, TARGET_DBMS_DATA_TYPE_DESC  VARCHAR 
, TARGET_DBMS_SYSTEM_ID  NUMERIC 
, TARGET_DBMS_SYSTEM_DESC  VARCHAR 
, TARGET_DBMS_SYSTEM_MEMO  VARCHAR 
, TARGET_DATA_TYPE_ID  NUMERIC 
, TARGET_DATA_TYPE_DESC  VARCHAR 
, TARGET_DATA_TYPE_MEMO  VARCHAR 
, TARGET_DBMS_DATA_TYPE_MEMO  VARCHAR 
, TARGET_DATA_LENGTH  NUMERIC 
, TARGET_DATA_PRECISION  NUMERIC 
, TARGET_DATA_SCALE  NUMERIC 
, TARGET_DOMAIN_MEMO  VARCHAR 
, TARGET_VIRTUAL_COLUMN_FLAG  CHAR 
, TARGET_VIRTUAL_COLUMN_EXPR  VARCHAR 
, TARGET_COLUMN_MEMO  VARCHAR 
, TARGET_EFFECTIVE_COLUMN_FLAG  CHAR 
, TARGET_DIM_EXPIRY_COLUMN_FLAG  CHAR 
, TARGET_DIM_CURRENT_COLUMN_FLAG  CHAR 
, TARGET_DIM_ID_COLUMN_FLAG  CHAR 
, TARGET_TABLE_MEMO  VARCHAR 
, TARGET_TABLE_PHASE_ID  NUMERIC 
, MARKET_NAME  VARCHAR 
, CLIENT_ID  NUMERIC 
, CLIENT_NAME  VARCHAR 
, ENVIRONMENT_ID  NUMERIC 
, ENVIRONMENT_NAME  VARCHAR 
, DATABASE_NAME  VARCHAR 
, COLUMN_MAPPING_ID  NUMERIC 
, SOURCE_COLUMN_ID  NUMERIC 
, SOURCE_COLUMN_NAME  VARCHAR 
, SOURCE_COLUMN_TYPE_ID  NUMERIC 
, SOURCE_COLUMN_TYPE_DESC  VARCHAR 
, SOURCE_COLUMN_TYPE_MEMO  VARCHAR 
, SOURCE_SANITIZED_COLUMN_NAME  VARCHAR 
, TRANSFORMATION_EXPRESSION  VARCHAR 
, SOURCE_COLUMN_POSITION_NUM  NUMERIC 
, SOURCE_TABLE_ID  NUMERIC 
, SOURCE_TABLE_NAME  VARCHAR 
, SOURCE_DOMAIN_ID  NUMERIC 
, SOURCE_DOMAIN_DESC  VARCHAR 
, SOURCE_DBMS_DATA_TYPE_ID  NUMERIC 
, SOURCE_DBMS_DATA_TYPE_DESC  VARCHAR 
, SOURCE_DBMS_SYSTEM_ID  NUMERIC 
, SOURCE_DBMS_SYSTEM_DESC  VARCHAR 
, SOURCE_DBMS_SYSTEM_MEMO  VARCHAR 
, SOURCE_DATA_TYPE_ID  NUMERIC 
, SOURCE_DATA_TYPE_DESC  VARCHAR 
, SOURCE_DATA_TYPE_MEMO  VARCHAR 
, SOURCE_DBMS_DATA_TYPE_MEMO  VARCHAR 
, SOURCE_DATA_LENGTH  NUMERIC 
, SOURCE_DATA_PRECISION  NUMERIC 
, SOURCE_DATA_SCALE  NUMERIC 
, SOURCE_DOMAIN_MEMO  VARCHAR 
, SOURCE_VIRTUAL_COLUMN_FLAG  CHAR 
, SOURCE_VIRTUAL_COLUMN_EXPR  VARCHAR 
, SOURCE_COLUMN_MEMO  VARCHAR 
, SOURCE_EFFECTIVE_COLUMN_FLAG  CHAR 
, SOURCE_DIM_EXPIRY_COLUMN_FLAG  CHAR 
, SOURCE_DIM_CURRENT_COLUMN_FLAG  CHAR 
, SOURCE_DIM_ID_COLUMN_FLAG  CHAR 
, SOURCE_TABLE_MEMO  VARCHAR 
, SOURCE_TABLE_PHASE_ID  NUMERIC 
);
CREATE TABLE MARKETPLACE.META_SUBJECT_AREA_KRG (TABLE_NAME  VARCHAR 
, COLUMN_NAME  VARCHAR 
, SUBJECT_AREA  VARCHAR 
, NOTES  VARCHAR 
, REFERENCE  VARCHAR 
);
CREATE TABLE MARKETPLACE.META_TABLE (TABLE_NAME  VARCHAR 
, ENVIRONMENT_ID  NUMERIC 
, CLIENT_ID  NUMERIC 
, MODIFIED_BY_NAME  VARCHAR 
, CLIENT_TABLE_NAME  VARCHAR 
, CREATED_BY_NAME  VARCHAR 
, TABLE_TEXT  VARCHAR 
, CREATED_DTTM  DATE 
, CLIENT_TABLE_TEXT  VARCHAR 
, MODIFIED_DTTM  DATE 
);
CREATE TABLE MARKETPLACE.META_TABLE_CLIENT_DESC (TABLE_NAME  VARCHAR 
, ISERVICE_TICKET_NO  VARCHAR 
, CLIENT_ID  NUMERIC 
, CLIENT_TABLE_DESC  VARCHAR 
);
CREATE TABLE MARKETPLACE.META_TABLE_COLUMN (MODIFIED_BY_NAME  VARCHAR 
, MODIFIED_DTTM  DATE 
, CREATED_BY_NAME  VARCHAR 
, CLIENT_COLUMN_TEXT  VARCHAR 
, CLIENT_COLUMN_NAME  VARCHAR 
, COLUMN_TEXT  VARCHAR 
, COLUMN_NAME  VARCHAR 
, TABLE_NAME  VARCHAR 
, ENVIRONMENT_ID  NUMERIC 
, CLIENT_ID  NUMERIC 
, CREATED_DTTM  DATE 
);
CREATE TABLE MARKETPLACE.META_TEST (TABLE_COMMENTS  VARCHAR 
, TABLE_NAME  VARCHAR 
);
CREATE TABLE MARKETPLACE.META_TRACK_DEPLOYMENTS (CLIENT_NAME  VARCHAR 
, SCHEMA_NAME  VARCHAR 
, STATUS  VARCHAR 
, DESCRIPTION  VARCHAR 
, DEP_DATE  TIMESTAMPTZ 
, TICKET_NO  VARCHAR 
, DEP_USER  VARCHAR 
, ENVIRONMENT_NAME  VARCHAR 
);
CREATE TABLE MARKETPLACE.META_VERSION (TABLE_NAME  VARCHAR 
, VERSION_NUMBER  VARCHAR 
, COLUMN_NAME  VARCHAR 
);
CREATE TABLE MARKETPLACE.MPG_CLIENT (CLIENT_ID  NUMERIC 
, CLIENT_NAME  VARCHAR 
, CLIENT_CODE  VARCHAR 
, CREATED_DTTM  DATE 
, MARKET_NAME  VARCHAR 
, MODIFIED_DTTM  DATE 
, MODIFIED_BY  VARCHAR 
, CLIENT_ORDER  NUMERIC 
, CREATED_BY  VARCHAR 
);
CREATE TABLE MARKETPLACE.MPG_CLIENT_VIEWS (OTHER_RUN_SCRIPTS  VARCHAR 
, VIEW_COMMENTS  VARCHAR 
, VIEW_SQL  TEXT 
, ERWIN_VIEW_NAME  VARCHAR 
, ERWIN_FLAG  VARCHAR 
, SCHEMA_NAME  VARCHAR 
, CLIENT_ID  NUMERIC 
, ENVIRONMENT_ID  NUMERIC 
);
CREATE TABLE MARKETPLACE.MPG_DATABASE_LINK (CLIENT_NAME  VARCHAR 
, DATABASE_LINK_DESC  VARCHAR 
, CLIENT_ID  NUMERIC 
, ENVIRONMENT_ID  NUMERIC 
, DATABASE_NAME  VARCHAR 
, DB_LINK_SEQUENCE_NUM  NUMERIC 
, SCHEMA_NAME  VARCHAR 
, COMMENTS  VARCHAR 
, DATABASE_LINK_NAME  VARCHAR 
, INCLUDE_REPORT_FLAG  VARCHAR 
);
CREATE TABLE MARKETPLACE.MPG_ENVIRONMENT (MODIFIED_DTTM  DATE 
, CREATED_BY  VARCHAR 
, CREATED_DTTM  DATE 
, ENVIRONMENT_CODE  VARCHAR 
, ENVIRONMENT_NAME  VARCHAR 
, ENVIRONMENT_ID  NUMERIC 
, MODIFIED_BY  VARCHAR 
);
CREATE TABLE MARKETPLACE.MVIEW1 (HSHD_ID  NUMERIC 
, CARD_ID  NUMERIC 
, CARD_CODE  VARCHAR 
, GID  NUMERIC 
, HSHD_ID_GRP  NUMERIC 
, CARD_ID_GRP  NUMERIC 
, COUNT_STAR  NUMERIC 
);
CREATE TABLE MARKETPLACE.MV_CONTROL_MATRIX (OWNER  VARCHAR 
, DIMENSION_NAME  VARCHAR 
, HIERARCHY_NAME  VARCHAR 
, MV_REQUIRED  CHAR 
, MV_NAME  VARCHAR 
);
CREATE TABLE MARKETPLACE.OEHR_FILE_SUBJECT (NAME  VARCHAR 
, SUBJECT  VARCHAR 
, MIME_TYPE  VARCHAR 
, BLOB_CONTENT  BYTEA 
, ID  NUMERIC 
);
CREATE TABLE MARKETPLACE.PR_QUERIES_TIMING_STATS_VW (PERCENT  NUMERIC 
, STATS  VARCHAR 
, NUMBER_OF_QUERIES  NUMERIC 
);
CREATE TABLE MARKETPLACE.PX_USAGE_BREAKDOWN_V (PERCENT  NUMERIC 
, NUM_PX  NUMERIC 
, USER_GROUP  VARCHAR 
);
CREATE TABLE MARKETPLACE.RM_CPU_TIME_CAPTURE (DATE_ID  DATE 
, HOST_NAME  VARCHAR 
, DB_UNIQUE_NAME  VARCHAR 
, ACTIVE_SESSIONS  NUMERIC 
, RM_GROUP_NAME  VARCHAR 
, DB_CPU_SECS  NUMERIC 
, INST_ID  NUMERIC 
);
CREATE TABLE MARKETPLACE.SAS_RAW_CODE (FILE_NAME  VARCHAR 
, NEW_FILE_FLAG  CHAR 
, LINE_TEXT  VARCHAR 
, SORT_NUM  NUMERIC 
);
CREATE TABLE MARKETPLACE.SAS_USAGE_COLS (TABLE_NAME  VARCHAR 
, COLUMN_NAME  VARCHAR 
);
CREATE TABLE MARKETPLACE.SYS_CPU_TIME_CAPTURE (BACKGROUND_CPU_SECS  NUMERIC 
, DB_CPU_SECS  NUMERIC 
, INST_ID  NUMERIC 
, DB_UNIQUE_NAME  VARCHAR 
, HOST_NAME  VARCHAR 
, DATE_ID  DATE 
, TOTAL_CPU_SECS  NUMERIC 
);
CREATE TABLE MARKETPLACE.TEMP_CDM (TESMY_D_FLAG  CHAR 
, TESMY_P_FLAG  CHAR 
, TESPL_D_FLAG  CHAR 
, TESPL_P_FLAG  CHAR 
, TESSK_P_FLAG  CHAR 
, TESTH_D_FLAG  CHAR 
, TESTH_P_FLAG  CHAR 
, TESTR_P_FLAG  CHAR 
, TESUK_D_FLAG  CHAR 
, TESUK_GD_FLAG  CHAR 
, TESUK_P_FLAG  CHAR 
, TESUK_GT_FLAG  CHAR 
, KROUS_D_FLAG  CHAR 
, KROUS_P_FLAG  CHAR 
, KROUS_S_FLAG  CHAR 
, KROUS_T_FLAG  CHAR 
, MACUS_D_FLAG  CHAR 
, MACUS_P_FLAG  CHAR 
, MACUS_T_FLAG  CHAR 
, TESCN_T_FLAG  CHAR 
, TESCZ_T_FLAG  CHAR 
, TESHU_T_FLAG  CHAR 
, TESIE_T_FLAG  CHAR 
, TESKR_T_FLAG  CHAR 
, TESMY_T_FLAG  CHAR 
, TESPL_T_FLAG  CHAR 
, TESSK_T_FLAG  CHAR 
, TESTH_T_FLAG  CHAR 
, TESTR_T_FLAG  CHAR 
, COOP_D_FLAG  CHAR 
, COOP_T_FLAG  CHAR 
, EXTCO_D_FLAG  CHAR 
, EXTCO_T_FLAG  CHAR 
, GPABR_D_FLAG  CHAR 
, GPABR_T_FLAG  CHAR 
, MONFR_D_FLAG  CHAR 
, MONFR_T_FLAG  CHAR 
, PAMIT_D_FLAG  CHAR 
, PMTIT_D_FLAG  CHAR 
, TESCZ_D_FLAG  CHAR 
, TESHU_D_FLAG  CHAR 
, TESSK_D_FLAG  CHAR 
, TESTR_D_FLAG  CHAR 
, TESUK_T_FLAG  CHAR 
, CDM_LITE_D_FLAG  CHAR 
, METCA_T_FLAG  CHAR 
, RAIA_DROGASIL_P_FLAG  CHAR 
, RAIA_DROGASIL_D_FLAG  CHAR 
, RAIA_DROGASIL_T_FLAG  CHAR 
, HIST_TABLE  CHAR 
, HIST_FK  CHAR 
, SYS_COL  CHAR 
, PRIMARY_KEY  CHAR 
, TABLE_TYPE  VARCHAR 
, ROOT_TABLE_NAME  VARCHAR 
, DEPRECATE_COLUMN_FLAG  CHAR 
, LAST_RUN  DATE 
, TABLE_COMMENTS  VARCHAR 
, COLUMN_COMMENTS  VARCHAR 
, TABLE_NAME  VARCHAR 
, COLUMN_NAME  VARCHAR 
, SUPSET_P_FLAG  CHAR 
, KPHRM_P_FLAG  CHAR 
, CANTI_D_FLAG  CHAR 
, CANTI_P_FLAG  CHAR 
, COOP_P_FLAG  CHAR 
, EXTCO_P_FLAG  CHAR 
, GPABR_P_FLAG  CHAR 
, METCA_D_FLAG  CHAR 
, METCA_P_FLAG  CHAR 
, MONFR_P_FLAG  CHAR 
, PAMIT_P_FLAG  CHAR 
, PMTIT_P_FLAG  CHAR 
, TESCN_D_FLAG  CHAR 
, TESCN_P_FLAG  CHAR 
, TESCZ_P_FLAG  CHAR 
, TESHU_P_FLAG  CHAR 
, TESIE_D_FLAG  CHAR 
, TESIE_P_FLAG  CHAR 
, TESKR_D_FLAG  CHAR 
, TESKR_P_FLAG  CHAR 
);
CREATE TABLE MARKETPLACE.TEST (TESCZ_D_FLAG  CHAR 
, TESHU_D_FLAG  CHAR 
, TESSK_D_FLAG  CHAR 
, TESTR_D_FLAG  CHAR 
, TESUK_T_FLAG  CHAR 
, CDM_LITE_D_FLAG  CHAR 
, METCA_T_FLAG  CHAR 
, RAIA_DROGASIL_P_FLAG  CHAR 
, RAIA_DROGASIL_D_FLAG  CHAR 
, RAIA_DROGASIL_T_FLAG  CHAR 
, MACUS_S_FLAG  CHAR 
, SHOPRITE_D_FLAG  CHAR 
, SHOPRITE_T_FLAG  CHAR 
, CANTI_P_FLAG  CHAR 
, COOP_P_FLAG  CHAR 
, EXTCO_P_FLAG  CHAR 
, GPABR_P_FLAG  CHAR 
, METCA_D_FLAG  CHAR 
, METCA_P_FLAG  CHAR 
, MONFR_P_FLAG  CHAR 
, PAMIT_P_FLAG  CHAR 
, PMTIT_P_FLAG  CHAR 
, TESCN_D_FLAG  CHAR 
, TESCN_P_FLAG  CHAR 
, TESCZ_P_FLAG  CHAR 
, TESHU_P_FLAG  CHAR 
, TESIE_D_FLAG  CHAR 
, TESIE_P_FLAG  CHAR 
, TESKR_D_FLAG  CHAR 
, TESKR_P_FLAG  CHAR 
, TESMY_D_FLAG  CHAR 
, TESMY_P_FLAG  CHAR 
, TESPL_D_FLAG  CHAR 
, TESPL_P_FLAG  CHAR 
, TESSK_P_FLAG  CHAR 
, TESTH_D_FLAG  CHAR 
, TESTH_P_FLAG  CHAR 
, TESTR_P_FLAG  CHAR 
, TESUK_D_FLAG  CHAR 
, TESUK_GD_FLAG  CHAR 
, TESUK_P_FLAG  CHAR 
, TESUK_GT_FLAG  CHAR 
, KROUS_D_FLAG  CHAR 
, KROUS_P_FLAG  CHAR 
, KROUS_S_FLAG  CHAR 
, KROUS_T_FLAG  CHAR 
, MACUS_D_FLAG  CHAR 
, MACUS_P_FLAG  CHAR 
, MACUS_T_FLAG  CHAR 
, TESCN_T_FLAG  CHAR 
, TESCZ_T_FLAG  CHAR 
, TESHU_T_FLAG  CHAR 
, TESIE_T_FLAG  CHAR 
, TESKR_T_FLAG  CHAR 
, LAST_RUN  DATE 
, TABLE_COMMENTS  VARCHAR 
, COLUMN_COMMENTS  VARCHAR 
, TABLE_NAME  VARCHAR 
, COLUMN_NAME  VARCHAR 
, SUPSET_P_FLAG  CHAR 
, KPHRM_P_FLAG  CHAR 
, CANTI_D_FLAG  CHAR 
, TESMY_T_FLAG  CHAR 
, TESPL_T_FLAG  CHAR 
, TESSK_T_FLAG  CHAR 
, TESTH_T_FLAG  CHAR 
, TESTR_T_FLAG  CHAR 
, COOP_D_FLAG  CHAR 
, COOP_T_FLAG  CHAR 
, EXTCO_D_FLAG  CHAR 
, EXTCO_T_FLAG  CHAR 
, GPABR_D_FLAG  CHAR 
, GPABR_T_FLAG  CHAR 
, MONFR_D_FLAG  CHAR 
, MONFR_T_FLAG  CHAR 
, PAMIT_D_FLAG  CHAR 
, PMTIT_D_FLAG  CHAR 
);
CREATE TABLE MARKETPLACE.TOTAL_RECALL_MATRIX (SCHEMA_NAME  VARCHAR 
, USERID  VARCHAR 
, DATE_ADDED_TO_RECALL  TIMESTAMPTZ 
, TABLE_NAME  VARCHAR 
);
CREATE TABLE MARKETPLACE.TRANSACTION_CONTROL_TABLE (FIS_WEEK_START_DATE  DATE 
, PARTITION_NAME  VARCHAR 
, CSV_NAME  VARCHAR 
, OWNER  VARCHAR 
, CREATED_DTTM  DATE 
, TABLE_NAME  VARCHAR 
, CREATED_FLAG  VARCHAR 
);
CREATE TABLE MARKETPLACE.USAGE_BREAKDOWN_2_V (USER_GROUP  VARCHAR 
, PERCENT  NUMERIC 
, NUM_OF_SECS  NUMERIC 
);
CREATE TABLE MARKETPLACE.USAGE_BREAKDOWN_V (PERCENT  NUMERIC 
, USER_GROUP  VARCHAR 
, NUMBER_OF_QUERIES  NUMERIC 
);
CREATE TABLE MARKETPLACE.USER_PERFORMANCE_TRACKER (PX_SERVERS_ALLOCATED  NUMERIC 
, QUEUING_SECS  NUMERIC 
, NUM_OF_SECS  NUMERIC 
, SQL_EXEC_START  DATE 
, SQL_ID  VARCHAR 
, USERNAME  VARCHAR 
, STATUS  VARCHAR 
);
CREATE TABLE MARKETPLACE.USER_PERF_TRACKER_ADD (SQL_EXEC_START  DATE 
, PLAN_HASH_VALUE  NUMERIC 
, MODULE  VARCHAR 
, USERNAME  VARCHAR 
, SQL_ID  VARCHAR 
, OSUSER  VARCHAR 
, SQL_EXEC_ID  NUMERIC 
, USER_ID  NUMERIC 
);
CREATE TABLE MARKETPLACE.USER_QUERIES_STATS_VW (VALUE  NUMERIC 
, STATS  VARCHAR 
);
CREATE TABLE MARKETPLACE.USER_QUERIES_TIMING_STATS_VW (NUMBER_OF_QUERIES  NUMERIC 
, PERCENT  NUMERIC 
, STATS  VARCHAR 
);
CREATE TABLE MARKETPLACE.UTIL_QUERIES_TIMING_STATS_VW (NUMBER_OF_QUERIES  NUMERIC 
, PERCENT  NUMERIC 
, STATS  VARCHAR 
);
CREATE TABLE MARKETPLACE.test_ROLLUP (METCA_T_FLAG  VARCHAR 
, TESKR_T_FLAG  VARCHAR 
, KPHRM_P_FLAG  VARCHAR 
, COOP_D_FLAG  VARCHAR 
, TESTH_D_FLAG  VARCHAR 
, MACUS_S_FLAG  VARCHAR 
, MONFR_D_FLAG  VARCHAR 
, TESTR_D_FLAG  VARCHAR 
, TESUK_D_FLAG  VARCHAR 
, TESSK_D_FLAG  VARCHAR 
, SUPSET_P_FLAG  VARCHAR 
, TESTH_T_FLAG  VARCHAR 
, GPABR_P_FLAG  VARCHAR 
, TESMY_P_FLAG  VARCHAR 
, CDM_LITE_D_FLAG  VARCHAR 
, TESTH_P_FLAG  VARCHAR 
, RAIA_DROGASIL_D_FLAG  VARCHAR 
, SHOPRITE_T_FLAG  VARCHAR 
, MONFR_T_FLAG  VARCHAR 
, CANTI_D_FLAG  VARCHAR 
, TESSK_T_FLAG  VARCHAR 
, TESHU_D_FLAG  VARCHAR 
, TESPL_T_FLAG  VARCHAR 
, TABLE_NAME  VARCHAR 
, PAMIT_P_FLAG  VARCHAR 
, TESCN_T_FLAG  VARCHAR 
, TESCN_D_FLAG  VARCHAR 
, TESCZ_T_FLAG  VARCHAR 
, KROUS_D_FLAG  VARCHAR 
, TESSK_P_FLAG  VARCHAR 
, TESKR_P_FLAG  VARCHAR 
, COOP_P_FLAG  VARCHAR 
, MACUS_D_FLAG  VARCHAR 
, TESPL_P_FLAG  VARCHAR 
, SHOPRITE_D_FLAG  VARCHAR 
, GPABR_T_FLAG  VARCHAR 
, RAIA_DROGASIL_T_FLAG  VARCHAR 
, TESMY_T_FLAG  VARCHAR 
, EXTCO_T_FLAG  VARCHAR 
, MONFR_P_FLAG  VARCHAR 
, PMTIT_D_FLAG  VARCHAR 
, MACUS_P_FLAG  VARCHAR 
, TESIE_D_FLAG  VARCHAR 
, KROUS_T_FLAG  VARCHAR 
, TESCZ_P_FLAG  VARCHAR 
, EXTCO_P_FLAG  VARCHAR 
, TESUK_GD_FLAG  VARCHAR 
, TESUK_GT_FLAG  VARCHAR 
, PMTIT_P_FLAG  VARCHAR 
, METCA_P_FLAG  VARCHAR 
, METCA_D_FLAG  VARCHAR 
, TESUK_T_FLAG  VARCHAR 
, PAMIT_D_FLAG  VARCHAR 
, TESIE_P_FLAG  VARCHAR 
, TESUK_P_FLAG  VARCHAR 
, MACUS_T_FLAG  VARCHAR 
, TESHU_T_FLAG  VARCHAR 
, CANTI_P_FLAG  VARCHAR 
, KROUS_P_FLAG  VARCHAR 
, COOP_T_FLAG  VARCHAR 
, TESKR_D_FLAG  VARCHAR 
, TESCN_P_FLAG  VARCHAR 
, TESHU_P_FLAG  VARCHAR 
, GPABR_D_FLAG  VARCHAR 
, KROUS_S_FLAG  VARCHAR 
, TESPL_D_FLAG  VARCHAR 
, TESIE_T_FLAG  VARCHAR 
, RAIA_DROGASIL_P_FLAG  VARCHAR 
, TESTR_P_FLAG  VARCHAR 
, EXTCO_D_FLAG  VARCHAR 
, TESMY_D_FLAG  VARCHAR 
, TESTR_T_FLAG  VARCHAR 
, TESCZ_D_FLAG  VARCHAR 
);
