table_name
aggregate_function_matrix
aggregate_matrix
all_queries_stats_vw
all_queries_timing_stats_vw
an_cm_queries_timing_stats_vw
an_me_queries_timing_stats_vw
an_mp_queries_timing_stats_vw
an_rt_queries_timing_stats_vw
cdm_column_info_crosstab_v
cdm_physical_dictionary_v
cdm_remote_column_info_mv
cdm_remote_table_indx_info_mv
cdm_remote_table_info_mv
cdm_to_hadoop_addn_cols
cdm_to_hadoop_ddl
cdm_to_hadoop_mapping
cdm_to_hadoop_mapping_client_v
cdm_to_hadoop_mapping_seg
cdm_to_hadoop_overall_reqt
cdm_to_hadoop_partition
cdm_to_hadoop_partition_v
cdm_to_hadoop_reqt
cdm_to_hadoop_unwanted_cols
dept
devtm_cdm_col_comment_sync
devtm_cdm_col_missing_in_c
devtm_cdm_col_missing_in_dim
devtm_cdm_col_missing_in_h
devtm_cdm_sub_cols_not_super
devtm_cdm_sup_vs_sub
devtm_cdm_tab_col_comments
devtm_fk_sub_not_in_super
devtm_index_diff_part
devtm_macys_constraints
devtm_tablespace_diff_no_part
devtm_tablespace_diff_part
devtm_tablespace_diff_subpart
dm_queries_timing_stats_vw
dsg_queries_timing_stats_vw
eba_demo_da_dept
eba_demo_md_dept
eba_demo_tf_dept
eba_demo_tree_def_st_codes
eba_demo_tree_dept
eba_demo_tree_population
eba_it_access_levels
eba_it_change_history
eba_it_errors
eba_it_error_lookup
eba_it_issues
eba_it_links
eba_it_load_error_log
eba_it_notes
eba_it_notifications
eba_it_people
eba_it_preferences
eba_it_projects
eba_it_proj_links
eba_it_proj_notes
eba_it_tags
eba_it_tags_sum
eba_it_tags_type_sum
eba_it_tz_pref
eba_it_users
job_log
meta_cnt
meta_column_client_desc
meta_col_info_cross_rollup
meta_dictionary
meta_dictionary_old
meta_domains
meta_subject_area_krg
meta_table_client_desc
meta_test
meta_track_deployments
meta_version
mpg_database_link
mview1
mv_control_matrix
pr_queries_timing_stats_vw
px_usage_breakdown_v
sas_raw_code
sas_usage_cols
total_recall_matrix
usage_breakdown_2_v
usage_breakdown_v
user_queries_stats_vw
user_queries_timing_stats_vw
util_queries_timing_stats_vw
test_rollup
